Build started 11-Dec-17 9:03:16 PM.
     1>Project "D:\Mikhail\P-T\Project - VC++\ProjectEuler\EvenFibonacciNumbers\EvenFibonacciNumbers.vcxproj" on node 2 (Build target(s)).
     1>Building with tools version "15.0".
     1>Target "_CheckForInvalidConfigurationAndPlatform" in file "D:\Microsoft Visual Studio\2017\Community\MSBuild\15.0\Bin\Microsoft.Common.CurrentVersion.targets" from project "D:\Mikhail\P-T\Project - VC++\ProjectEuler\EvenFibonacciNumbers\EvenFibonacciNumbers.vcxproj" (target "_PrepareForBuild" depends on it):
       Task "Error" skipped, due to false condition; ( '$(_InvalidConfigurationError)' == 'true' ) was evaluated as ( '' == 'true' ).
       Task "Warning" skipped, due to false condition; ( '$(_InvalidConfigurationWarning)' == 'true' ) was evaluated as ( '' == 'true' ).
       Using "Message" task from assembly "Microsoft.Build.Tasks.Core, Version=15.1.0.0, Culture=neutral, PublicKeyToken=b03f5f7f11d50a3a".
       Task "Message"
         Configuration=Debug
       Done executing task "Message".
       Task "Message"
         Platform=x64
       Done executing task "Message".
       Task "Error" skipped, due to false condition; ('$(OutDir)' != '' and !HasTrailingSlash('$(OutDir)')) was evaluated as ('D:\Mikhail\P-T\Project - VC++\ProjectEuler\x64\Debug\' != '' and !HasTrailingSlash('D:\Mikhail\P-T\Project - VC++\ProjectEuler\x64\Debug\')).
       Task "Error" skipped, due to false condition; ('$(BaseIntermediateOutputPath)' != '' and !HasTrailingSlash('$(BaseIntermediateOutputPath)')) was evaluated as ('obj\' != '' and !HasTrailingSlash('obj\')).
       Task "Error" skipped, due to false condition; ('$(IntermediateOutputPath)' != '' and !HasTrailingSlash('$(IntermediateOutputPath)')) was evaluated as ('x64\Debug\' != '' and !HasTrailingSlash('x64\Debug\')).
     1>Done building target "_CheckForInvalidConfigurationAndPlatform" in project "EvenFibonacciNumbers.vcxproj".
     1>Target "_PrepareForBuild" in file "D:\Microsoft Visual Studio\2017\Community\Common7\IDE\VC\VCTargets\Microsoft.BuildSteps.Targets" from project "D:\Mikhail\P-T\Project - VC++\ProjectEuler\EvenFibonacciNumbers\EvenFibonacciNumbers.vcxproj" (target "Build" depends on it):
       Task "CreateItem" skipped, due to false condition; ('%(CustomBuild.IncludeFileToTool)'!='') was evaluated as (''!='').
     1>Done building target "_PrepareForBuild" in project "EvenFibonacciNumbers.vcxproj".
     1>Target "_PrepareForReferenceResolution" in file "D:\Microsoft Visual Studio\2017\Community\Common7\IDE\VC\VCTargets\Microsoft.CppBuild.targets" from project "D:\Mikhail\P-T\Project - VC++\ProjectEuler\EvenFibonacciNumbers\EvenFibonacciNumbers.vcxproj" (target "ResolveReferences" depends on it):
       Task "Message" skipped, due to false condition; ('$(_REFERENCE_DEBUG)'=='true') was evaluated as (''=='true').
     1>Done building target "_PrepareForReferenceResolution" in project "EvenFibonacciNumbers.vcxproj".
       Target "ComputeCrtSDKReference" skipped, due to false condition; ('@(ClCompile)'!='' and '$(WindowsAppContainer)'=='true' and '$(UseCrtSDKReference)' != 'false') was evaluated as ('EvenFibonacciNumbers.cpp;stdafx.cpp'!='' and 'false'=='true' and '' != 'false').
     1>Target "BeforeResolveReferences" in file "D:\Microsoft Visual Studio\2017\Community\MSBuild\15.0\Bin\Microsoft.Common.CurrentVersion.targets" from project "D:\Mikhail\P-T\Project - VC++\ProjectEuler\EvenFibonacciNumbers\EvenFibonacciNumbers.vcxproj" (target "ResolveReferences" depends on it):
     1>Done building target "BeforeResolveReferences" in project "EvenFibonacciNumbers.vcxproj".
     1>Target "AssignProjectConfiguration" in file "D:\Microsoft Visual Studio\2017\Community\MSBuild\15.0\Bin\Microsoft.Common.CurrentVersion.targets" from project "D:\Mikhail\P-T\Project - VC++\ProjectEuler\EvenFibonacciNumbers\EvenFibonacciNumbers.vcxproj" (target "ResolveReferences" depends on it):
       Using "AssignProjectConfiguration" task from assembly "Microsoft.Build.Tasks.Core, Version=15.1.0.0, Culture=neutral, PublicKeyToken=b03f5f7f11d50a3a".
       Task "AssignProjectConfiguration"
       Done executing task "AssignProjectConfiguration".
     1>Done building target "AssignProjectConfiguration" in project "EvenFibonacciNumbers.vcxproj".
       Target "AssignProjectConfiguration" skipped. Previously built successfully.
     1>Target "_SplitProjectReferencesByFileExistence" in file "D:\Microsoft Visual Studio\2017\Community\MSBuild\15.0\Bin\Microsoft.Common.CurrentVersion.targets" from project "D:\Mikhail\P-T\Project - VC++\ProjectEuler\EvenFibonacciNumbers\EvenFibonacciNumbers.vcxproj" (target "PrepareProjectReferences" depends on it):
       Task "ResolveNonMSBuildProjectOutput" skipped, due to false condition; ('$(BuildingInsideVisualStudio)'=='true' and '@(ProjectReferenceWithConfiguration)'!='') was evaluated as ('true'=='true' and ''!='').
     1>Done building target "_SplitProjectReferencesByFileExistence" in project "EvenFibonacciNumbers.vcxproj".
     1>Target "_GetProjectReferenceTargetFrameworkProperties" in file "D:\Microsoft Visual Studio\2017\Community\MSBuild\15.0\Bin\Microsoft.Common.CurrentVersion.targets" from project "D:\Mikhail\P-T\Project - VC++\ProjectEuler\EvenFibonacciNumbers\EvenFibonacciNumbers.vcxproj" (target "PrepareProjectReferences" depends on it):
       Using "MSBuild" task from assembly "Microsoft.Build.Tasks.Core, Version=15.1.0.0, Culture=neutral, PublicKeyToken=b03f5f7f11d50a3a".
       Task "MSBuild"
       Done executing task "MSBuild".
     1>Done building target "_GetProjectReferenceTargetFrameworkProperties" in project "EvenFibonacciNumbers.vcxproj".
     1>Target "PrepareProjectReferences" in file "D:\Microsoft Visual Studio\2017\Community\MSBuild\15.0\Bin\Microsoft.Common.CurrentVersion.targets" from project "D:\Mikhail\P-T\Project - VC++\ProjectEuler\EvenFibonacciNumbers\EvenFibonacciNumbers.vcxproj" (target "ResolveProjectReferences" depends on it):
     1>Done building target "PrepareProjectReferences" in project "EvenFibonacciNumbers.vcxproj".
       Target "_RemoveNameMetadataFromProjectReferenceItems" skipped, due to false condition; ('@(ProjectReference)'!='') was evaluated as (''!='').
     1>Target "ResolveProjectReferences" in file "D:\Microsoft Visual Studio\2017\Community\MSBuild\15.0\Bin\Microsoft.Common.CurrentVersion.targets" from project "D:\Mikhail\P-T\Project - VC++\ProjectEuler\EvenFibonacciNumbers\EvenFibonacciNumbers.vcxproj" (target "ResolveReferences" depends on it):
       Task "MSBuild" skipped, due to false condition; ('%(_MSBuildProjectReferenceExistent.BuildReference)' == 'true' and '@(ProjectReferenceWithConfiguration)' != '' and ('$(BuildingInsideVisualStudio)' == 'true' or '$(BuildProjectReferences)' != 'true') and '$(VisualStudioVersion)' != '10.0' and '@(_MSBuildProjectReferenceExistent)' != '') was evaluated as ('' == 'true' and '' != '' and ('true' == 'true' or 'true' != 'true') and '15.0' != '10.0' and '' != '').
       Task "MSBuild" skipped, due to false condition; ('%(_MSBuildProjectReferenceExistent.BuildReference)' == 'true' and '@(ProjectReferenceWithConfiguration)' != '' and ('$(BuildingInsideVisualStudio)' == 'true' or '$(BuildProjectReferences)' != 'true') and '$(VisualStudioVersion)' == '10.0' and '@(_MSBuildProjectReferenceExistent)' != '') was evaluated as ('' == 'true' and '' != '' and ('true' == 'true' or 'true' != 'true') and '15.0' == '10.0' and '' != '').
       Task "MSBuild" skipped, due to false condition; ('%(_MSBuildProjectReferenceExistent.BuildReference)' == 'true' and '@(ProjectReferenceWithConfiguration)' != '' and '$(BuildingInsideVisualStudio)' != 'true' and '$(BuildProjectReferences)' == 'true' and '@(_MSBuildProjectReferenceExistent)' != '') was evaluated as ('' == 'true' and '' != '' and 'true' != 'true' and 'true' == 'true' and '' != '').
       Task "MSBuild" skipped, due to false condition; ('%(_MSBuildProjectReferenceExistent.BuildReference)' == 'true' and '@(ProjectReferenceWithConfiguration)' != '' and '$(BuildingProject)' == 'true' and '@(_MSBuildProjectReferenceExistent)' != '') was evaluated as ('' == 'true' and '' != '' and 'true' == 'true' and '' != '').
       Task "Warning" skipped, due to false condition; ('@(ProjectReferenceWithConfiguration)' != '' and '@(_MSBuildProjectReferenceNonexistent)' != '') was evaluated as ('' != '' and '' != '').
     1>Done building target "ResolveProjectReferences" in project "EvenFibonacciNumbers.vcxproj".
       Target "FindInvalidProjectReferences" skipped, due to false condition; ('$(FindInvalidProjectReferences)' == 'true') was evaluated as ('' == 'true').
       Target "ResolveNativeReferences" skipped, due to false condition; ('@(NativeReference)'!='') was evaluated as (''!='').
       Target "_PrepareForReferenceResolution" skipped. Previously built successfully.
     1>Target "GetFrameworkPaths" in file "D:\Microsoft Visual Studio\2017\Community\MSBuild\15.0\Bin\Microsoft.NETFramework.CurrentVersion.targets" from project "D:\Mikhail\P-T\Project - VC++\ProjectEuler\EvenFibonacciNumbers\EvenFibonacciNumbers.vcxproj" (target "ResolveAssemblyReferences" depends on it):
     1>Done building target "GetFrameworkPaths" in project "EvenFibonacciNumbers.vcxproj".
       Target "GetWinFXPath" skipped, due to false condition; (('@(Page)' != '' or '@(ApplicationDefinition)' != '' or '@(Resource)' != '') and ('$(GetWinFXNativePath)' != '' or '$(GetWinFXWoWPath)' != '' )) was evaluated as (('' != '' or '' != '' or '' != '') and ('' != '' or '' != '' )).
     1>Target "GetReferenceAssemblyPaths" in file "D:\Microsoft Visual Studio\2017\Community\MSBuild\15.0\Bin\Microsoft.Common.CurrentVersion.targets" from project "D:\Mikhail\P-T\Project - VC++\ProjectEuler\EvenFibonacciNumbers\EvenFibonacciNumbers.vcxproj" (target "ResolveAssemblyReferences" depends on it):
       Task "GetReferenceAssemblyPaths" skipped, due to false condition; ('$(TargetFrameworkMoniker)' != '' and ('$(_TargetFrameworkDirectories)' == '' or '$(_FullFrameworkReferenceAssemblyPaths)' == '')) was evaluated as ('' != '' and ('C:\Program Files (x86)\Reference Assemblies\Microsoft\Framework\.NETFramework\v4.0' == '' or 'C:\Program Files (x86)\Reference Assemblies\Microsoft\Framework\.NETFramework\v4.0' == '')).
     1>Done building target "GetReferenceAssemblyPaths" in project "EvenFibonacciNumbers.vcxproj".
     1>Target "SetBuildDefaultEnvironmentVariables" in file "D:\Microsoft Visual Studio\2017\Community\Common7\IDE\VC\VCTargets\Microsoft.Cpp.Current.targets" from project "D:\Mikhail\P-T\Project - VC++\ProjectEuler\EvenFibonacciNumbers\EvenFibonacciNumbers.vcxproj" (target "PrepareForBuild" depends on it):
       Using "SetEnv" task from assembly "D:\Microsoft Visual Studio\2017\Community\Common7\IDE\VC\VCTargets\Microsoft.Build.CppTasks.Common.dll".
       Task "SetEnv"
         PATH=D:\Microsoft Visual Studio\2017\Community\VC\Tools\MSVC\14.11.25503\bin\HostX86\x64;D:\Microsoft Visual Studio\2017\Community\VC\Tools\MSVC\14.11.25503\bin\HostX86\x86;C:\Program Files (x86)\Windows Kits\10\bin\10.0.16299.0\x86;;C:\Program Files (x86)\Microsoft SDKs\Windows\v10.0A\bin\NETFX 4.6.1 Tools;D:\Microsoft Visual Studio\2017\Community\Common7\tools;D:\Microsoft Visual Studio\2017\Community\Common7\ide;C:\Program Files (x86)\HTML Help Workshop;;D:\Microsoft Visual Studio\2017\Community\MSBuild\15.0\Bin;C:\WINDOWS\Microsoft.NET\Framework\v4.0.30319\;;D:\VulkanSDK\1.0.61.1\Bin;D:\Python36-32\Scripts\;D:\Python36-32\;D:\Nvidia\CUDA Development\bin;D:\Nvidia\CUDA Development\libnvvp;C:\ProgramData\Oracle\Java\javapath;C:\Windows\system32;C:\Windows;C:\Windows\System32\Wbem;C:\Windows\System32\WindowsPowerShell\v1.0\;D:\nodejs\;D:\MiKTeX 2.9\miktex\bin\x64\;C:\Program Files (x86)\Microsoft Visual C++ Build Tools;C:\Program Files\dotnet\;D:\Emscripten\emscripten\1.35.0;D:\Emscripten;D:\Emscripten\clang\e1.35.0_64bit;D:\Emscripten\node\0.12.2_64bit;D:\Emscripten\java\7.45_64bit\bin;D:\Emscripten\crunch\1.03;D:\Emscripten\mingw\4.6.2_32bit;D:\CMake\bin;C:\Program Files (x86)\GtkSharp\2.12\bin;C:\WINDOWS\system32;C:\WINDOWS;C:\WINDOWS\System32\Wbem;C:\WINDOWS\System32\WindowsPowerShell\v1.0\;D:\PuTTY\;C:\ProgramData\chocolatey\bin;C:\Program Files (x86)\Microsoft Visual Studio 10.0;;C:\Program Files (x86)\NVIDIA Corporation\PhysX\Common;D:\Steel Bank Common Lisp\1.3.18\;C:\Program Files\MySQL\MySQL Utilities 1.6\;C:\Program Files (x86)\CMake\bin;C:\WINDOWS\system32;C:\WINDOWS;C:\WINDOWS\System32\Wbem;C:\WINDOWS\System32\WindowsPowerShell\v1.0\;C:\Users\Mikhail\AppData\Local\Microsoft\WindowsApps;D:\Microsoft VS Code\bin;C:\Users\Mikhail\AppData\Roaming\npm;C:\Users\Mikhail\AppData\Local\GitHub;C:\Program Files (x86)\Microsoft Visual C++ Build Tools;C:\Program Files (x86)\Windows Kits\10\Include\10.0.14393.0\um;C:\Users\Mikhail\AppData\Local\GitHub\shell;D:\Java\jdk1.8.0_131;D:\msys64\usr\bin\;C:\ProgramData\chocolatey\lib\msys2;C:\tools\msys64;D:\kotlinc\bin;D:\sonar-scanner\bin;;
       Done executing task "SetEnv".
       Task "SetEnv"
         LIB=D:\Microsoft Visual Studio\2017\Community\VC\Tools\MSVC\14.11.25503\lib\x64;;D:\Microsoft Visual Studio\2017\Community\VC\Tools\MSVC\14.11.25503\atlmfc\lib\x64;;D:\Microsoft Visual Studio\2017\Community\VC\Auxiliary\VS\lib\x64;;C:\Program Files (x86)\Windows Kits\10\lib\10.0.16299.0\ucrt\x64;;;C:\Program Files (x86)\Windows Kits\10\lib\10.0.16299.0\um\x64;lib\um\x64;;C:\Program Files (x86)\Windows Kits\NETFXSDK\4.6.1\Lib\um\x64
       Done executing task "SetEnv".
       Task "SetEnv"
         LIBPATH=D:\Microsoft Visual Studio\2017\Community\VC\Tools\MSVC\14.11.25503\atlmfc\lib\x64;;D:\Microsoft Visual Studio\2017\Community\VC\Tools\MSVC\14.11.25503\lib\x64;
       Done executing task "SetEnv".
       Task "SetEnv"
         INCLUDE=D:\Microsoft Visual Studio\2017\Community\VC\Tools\MSVC\14.11.25503\include;;D:\Microsoft Visual Studio\2017\Community\VC\Tools\MSVC\14.11.25503\atlmfc\include;;D:\Microsoft Visual Studio\2017\Community\VC\Auxiliary\VS\include;;C:\Program Files (x86)\Windows Kits\10\Include\10.0.16299.0\ucrt;;;C:\Program Files (x86)\Windows Kits\10\Include\10.0.16299.0\um;C:\Program Files (x86)\Windows Kits\10\Include\10.0.16299.0\shared;C:\Program Files (x86)\Windows Kits\10\Include\10.0.16299.0\winrt;Include\um;
       Done executing task "SetEnv".
     1>Done building target "SetBuildDefaultEnvironmentVariables" in project "EvenFibonacciNumbers.vcxproj".
       Target "SetUserMacroEnvironmentVariables" skipped, due to false condition; ('@(BuildMacro)' != '' and '$(DesignTimeBuild)' != 'true') was evaluated as ('' != '' and '' != 'true').
     1>Target "GetResolvedWinMD" in file "D:\Microsoft Visual Studio\2017\Community\Common7\IDE\VC\VCTargets\Microsoft.CppBuild.targets" from project "D:\Mikhail\P-T\Project - VC++\ProjectEuler\EvenFibonacciNumbers\EvenFibonacciNumbers.vcxproj" (target "PrepareForBuild" depends on it):
     1>Done building target "GetResolvedWinMD" in project "EvenFibonacciNumbers.vcxproj".
     1>Target "PlatformPrepareForBuild" in file "D:\Microsoft Visual Studio\2017\Community\Common7\IDE\VC\VCTargets\Microsoft.Cpp.Platform.targets" from project "D:\Mikhail\P-T\Project - VC++\ProjectEuler\EvenFibonacciNumbers\EvenFibonacciNumbers.vcxproj" (target "PrepareForBuild" depends on it):
       Task "VCMessage" skipped, due to false condition; ('$(_Error64bitToolsNotInstalled)' == 'true') was evaluated as ('' == 'true').
       Task "VCMessage" skipped, due to false condition; ('$(DesignTimeBuild)'!='true' and '$(_ToolsetFound)' != 'true' and '$(PlatformToolset)' == 'v110') was evaluated as (''!='true' and 'true' != 'true' and 'v141' == 'v110').
       Task "VCMessage" skipped, due to false condition; ('$(DesignTimeBuild)'!='true' and '$(_ToolsetFound)' != 'true' and '$(PlatformToolset)' == 'v100') was evaluated as (''!='true' and 'true' != 'true' and 'v141' == 'v100').
       Task "VCMessage" skipped, due to false condition; ('$(DesignTimeBuild)'!='true' and '$(_ToolsetFound)' != 'true' and '$(PlatformToolset)' == 'v90') was evaluated as (''!='true' and 'true' != 'true' and 'v141' == 'v90').
       Task "VCMessage" skipped, due to false condition; ('$(DesignTimeBuild)'!='true' and '$(_ToolsetFound)' != 'true' and '$(PlatformToolset)' != 'v90' and '$(PlatformToolset)' != 'v100' and '$(PlatformToolset)' != 'v110') was evaluated as (''!='true' and 'true' != 'true' and 'v141' != 'v90' and 'v141' != 'v100' and 'v141' != 'v110').
     1>Done building target "PlatformPrepareForBuild" in project "EvenFibonacciNumbers.vcxproj".
     1>Target "Desktop_PlatformPrepareForBuild" in file "D:\Microsoft Visual Studio\2017\Community\Common7\IDE\VC\VCTargets\Platforms\x64\PlatformToolsets\v141\Toolset.targets" from project "D:\Mikhail\P-T\Project - VC++\ProjectEuler\EvenFibonacciNumbers\EvenFibonacciNumbers.vcxproj" (target "PrepareForBuild" depends on it):
       Task "VCMessage" skipped, due to false condition; ($(MissingSDKProps) == 'true') was evaluated as ( == 'true').
     1>Done building target "Desktop_PlatformPrepareForBuild" in project "EvenFibonacciNumbers.vcxproj".
       Target "GetFrameworkPaths" skipped. Previously built successfully.
       Target "GetReferenceAssemblyPaths" skipped. Previously built successfully.
       Target "AssignLinkMetadata" skipped, due to false condition; ( '$(SynthesizeLinkMetadata)' == 'true' ) was evaluated as ( '' == 'true' ).
     1>Target "SetCABuildNativeEnvironmentVariables" in file "D:\Microsoft Visual Studio\2017\Community\MSBuild\Microsoft\VisualStudio\v15.0\CodeAnalysis\Microsoft.CodeAnalysis.targets" from project "D:\Mikhail\P-T\Project - VC++\ProjectEuler\EvenFibonacciNumbers\EvenFibonacciNumbers.vcxproj" (target "PrepareForBuild" depends on it):
       Initializing task factory "CodeTaskFactory" from assembly "D:\Microsoft Visual Studio\2017\Community\MSBuild\15.0\Bin\Microsoft.Build.Tasks.Core.dll".
       Using "SetEnvironmentVariable" task from the task factory "Code Task Factory".
       Task "SetEnvironmentVariable"
       Done executing task "SetEnvironmentVariable".
     1>Done building target "SetCABuildNativeEnvironmentVariables" in project "EvenFibonacciNumbers.vcxproj".
     1>Target "PrepareForBuild" in file "D:\Microsoft Visual Studio\2017\Community\Common7\IDE\VC\VCTargets\Microsoft.CppBuild.targets" from project "D:\Mikhail\P-T\Project - VC++\ProjectEuler\EvenFibonacciNumbers\EvenFibonacciNumbers.vcxproj" (target "ResolveAssemblyReferences" depends on it):
       Task "VCMessage" skipped, due to false condition; ('$(DesignTimeBuild)' != 'true' and '$(ConfigurationPlatformExists)' != 'true') was evaluated as ('' != 'true' and 'true' != 'true').
       Using "MakeDir" task from assembly "Microsoft.Build.Tasks.Core, Version=15.1.0.0, Culture=neutral, PublicKeyToken=b03f5f7f11d50a3a".
       Task "MakeDir"
       Done executing task "MakeDir".
       Task "VCMessage" skipped, due to false condition; ('$(DesignTimeBuild)'!='true' and '$(WindowsAppContainer)'=='true' and '$(ConfigurationType)'!='Application' and '$(ConfigurationType)'!='DynamicLibrary' and '$(ConfigurationType)'!='StaticLibrary') was evaluated as (''!='true' and 'false'=='true' and 'Application'!='Application' and 'Application'!='DynamicLibrary' and 'Application'!='StaticLibrary').
       Task "VCMessage" skipped, due to false condition; ('$(DesignTimeBuild)'!='true' and '$(VCToolsInstallDir)'=='' and '$(UseEnv)' != 'true' and ('$(TargetFrameworkVersion)'=='v3.5' or '$(TargetFrameworkVersion)'=='v3.0' or '$(TargetFrameworkVersion)'=='v2.0' )) was evaluated as (''!='true' and 'D:\Microsoft Visual Studio\2017\Community\VC\Tools\MSVC\14.11.25503\'=='' and '' != 'true' and ('v4.0'=='v3.5' or 'v4.0'=='v3.0' or 'v4.0'=='v2.0' )).
       Task "VCMessage" skipped, due to false condition; ('$(DesignTimeBuild)'!='true' and '$(VCToolsInstallDir)'=='' and '$(UseEnv)' != 'true' and '$(PlatformToolset)'=='v90') was evaluated as (''!='true' and 'D:\Microsoft Visual Studio\2017\Community\VC\Tools\MSVC\14.11.25503\'=='' and '' != 'true' and 'v141'=='v90').
       Task "VCMessage" skipped, due to false condition; ('$(DesignTimeBuild)'!='true' and '$(VCToolsInstallDir)'=='' and '$(UseEnv)' != 'true') was evaluated as (''!='true' and 'D:\Microsoft Visual Studio\2017\Community\VC\Tools\MSVC\14.11.25503\'=='' and '' != 'true').
       Task "VCMessage" skipped, due to false condition; ('$(DesignTimeBuild)'!='true' and '$(WindowsSDKDir)'=='' and '$(UseEnv)' != 'true') was evaluated as (''!='true' and 'C:\Program Files (x86)\Windows Kits\10\'=='' and '' != 'true').
       Task "VCMessage" skipped, due to false condition; ('$(DesignTimeBuild)'!='true' and '$(IntDirTrailingSlashWarning)'=='true') was evaluated as (''!='true' and ''=='true').
       Task "VCMessage" skipped, due to false condition; ('$(DesignTimeBuild)'!='true' and '$(OutDirTrailingSlashWarning)'=='true') was evaluated as (''!='true' and ''=='true').
       Task "VCMessage" skipped, due to false condition; ('%(CompatibilityIssues.Identity)' != '' and '$(DesignTimeBuild)'!='true') was evaluated as ('' != '' and ''!='true').
       Task "VCMessage" skipped, due to false condition; ('$(IgnoreWarnIntDirSharingDetected)' != 'true' and '$(IntDirSharingDetected)' == 'true') was evaluated as ('' != 'true' and '' == 'true').
       Task "VCMessage" skipped, due to false condition; ('$(DesignTimeBuild)'!='true' and '$(IgnoreWarnIntDirInTempDetected)' != 'true' and ('$(_IntDirFullpath.StartsWith($(Tmp), true, null))' == 'true' or '$(_IntDirFullpath.StartsWith($(Temp), true, null))' == 'true' or '$(_OutDirFullpath.StartsWith($(Tmp), true, null))' == 'true' or '$(_OutDirFullpath.StartsWith($(Temp), true, null))' == 'true')) was evaluated as (''!='true' and '' != 'true' and ('False' == 'true' or 'False' == 'true' or 'False' == 'true' or 'False' == 'true')).
       Task "MakeDir"
         Creating directory "D:\Mikhail\P-T\Project - VC++\ProjectEuler\x64\Debug\".
         Creating directory "x64\Debug\EvenFibo.BC7AFA26.tlog\".
       Done executing task "MakeDir".
     1>Done building target "PrepareForBuild" in project "EvenFibonacciNumbers.vcxproj".
       Target "_PrepareForReferenceResolution" skipped. Previously built successfully.
       Target "ComputeCrtSDKReference" skipped, due to false condition; ('@(ClCompile)'!='' and '$(WindowsAppContainer)'=='true' and '$(UseCrtSDKReference)' != 'false') was evaluated as ('EvenFibonacciNumbers.cpp;stdafx.cpp'!='' and 'false'=='true' and '' != 'false').
     1>Target "GetInstalledSDKLocations" in file "D:\Microsoft Visual Studio\2017\Community\MSBuild\15.0\Bin\Microsoft.Common.CurrentVersion.targets" from project "D:\Mikhail\P-T\Project - VC++\ProjectEuler\EvenFibonacciNumbers\EvenFibonacciNumbers.vcxproj" (target "ResolveSDKReferences" depends on it):
       Task "GetInstalledSDKLocations" skipped, due to false condition; ('@(SDKReference)' != '') was evaluated as ('' != '').
       Task "GetInstalledSDKLocations" skipped, due to false condition; ('@(SDKReference)' != '' and '$(SupportWindows81SDKs)' == 'true' and '$(TargetPlatformIdentifierWindows81)' != '' and '$(TargetPlatformVersionWindows81)' != '') was evaluated as ('' != '' and '' == 'true' and '' != '' and '' != '').
       Task "GetInstalledSDKLocations" skipped, due to false condition; ('@(SDKReference)' != '' and '$(SupportWindowsPhone81SDKs)' == 'true' and '$(TargetPlatformIdentifierWindowsPhone81)' != '' and '$(TargetPlatformVersionWindowsPhone81)' != '') was evaluated as ('' != '' and '' == 'true' and '' != '' and '' != '').
     1>Done building target "GetInstalledSDKLocations" in project "EvenFibonacciNumbers.vcxproj".
     1>Target "ResolveSDKReferences" in file "D:\Microsoft Visual Studio\2017\Community\MSBuild\15.0\Bin\Microsoft.Common.CurrentVersion.targets" from project "D:\Mikhail\P-T\Project - VC++\ProjectEuler\EvenFibonacciNumbers\EvenFibonacciNumbers.vcxproj" (target "ResolveAssemblyReferences" depends on it):
       Task "ResolveSDKReference" skipped, due to false condition; ('@(SDKReference)'!='') was evaluated as (''!='').
     1>Done building target "ResolveSDKReferences" in project "EvenFibonacciNumbers.vcxproj".
       Target "ResolveSDKReferences" skipped. Previously built successfully.
     1>Target "ExpandSDKReferences" in file "D:\Microsoft Visual Studio\2017\Community\MSBuild\15.0\Bin\Microsoft.Common.CurrentVersion.targets" from project "D:\Mikhail\P-T\Project - VC++\ProjectEuler\EvenFibonacciNumbers\EvenFibonacciNumbers.vcxproj" (target "ResolveAssemblyReferences" depends on it):
       Task "GetSDKReferenceFiles" skipped, due to false condition; ('@(ResolvedSDKReference)'!='') was evaluated as (''!='').
     1>Done building target "ExpandSDKReferences" in project "EvenFibonacciNumbers.vcxproj".
       Target "ResolveNuGetPackageAssets" skipped, due to false condition; ('$(ResolveNuGetPackages)' == 'true' and exists('$(ProjectLockFile)')) was evaluated as ('true' == 'true' and exists('obj\project.assets.json')).
       Target "ImplicitlyExpandNETStandardFacades" skipped, due to false condition; ('$(ImplicitlyExpandNETStandardFacades)' == 'true') was evaluated as ('' == 'true').
       Target "ImplicitlyExpandNETStandardFacades" skipped, due to false condition; ('$(ImplicitlyExpandNETStandardFacades)' == 'true') was evaluated as ('' == 'true').
     1>Target "_HandlePackageFileConflicts" in file "D:\Microsoft Visual Studio\2017\Community\MSBuild\Microsoft\Microsoft.NET.Build.Extensions\Microsoft.NET.Build.Extensions.ConflictResolution.targets" from project "D:\Mikhail\P-T\Project - VC++\ProjectEuler\EvenFibonacciNumbers\EvenFibonacciNumbers.vcxproj" (target "ResolveAssemblyReferences" depends on it):
       Using "ResolvePackageFileConflicts" task from assembly "D:\Microsoft Visual Studio\2017\Community\MSBuild\Microsoft\Microsoft.NET.Build.Extensions\\tools\net46\Microsoft.NET.Build.Extensions.Tasks.dll".
       Task "ResolvePackageFileConflicts"
       Done executing task "ResolvePackageFileConflicts".
     1>Done building target "_HandlePackageFileConflicts" in project "EvenFibonacciNumbers.vcxproj".
     1>Target "ResolveAssemblyReferences" in file "D:\Microsoft Visual Studio\2017\Community\MSBuild\15.0\Bin\Microsoft.Common.CurrentVersion.targets" from project "D:\Mikhail\P-T\Project - VC++\ProjectEuler\EvenFibonacciNumbers\EvenFibonacciNumbers.vcxproj" (target "ResolveReferences" depends on it):
       Task "ResolveAssemblyReference" skipped, due to false condition; ('@(Reference)'!='' or '@(_ResolvedProjectReferencePaths)'!='' or '@(_ExplicitReference)' != '') was evaluated as (''!='' or ''!='' or '' != '').
     1>Done building target "ResolveAssemblyReferences" in project "EvenFibonacciNumbers.vcxproj".
       Target "GenerateBindingRedirects" skipped, due to false condition; ('$(AutoGenerateBindingRedirects)' == 'true' and '$(GenerateBindingRedirectsOutputType)' == 'true') was evaluated as ('' == 'true' and 'true' == 'true').
       Target "GenerateBindingRedirectsUpdateAppConfig" skipped, due to false condition; ('$(AutoGenerateBindingRedirects)' == 'true' and '$(GenerateBindingRedirectsOutputType)' == 'true' and Exists('$(_GenerateBindingRedirectsIntermediateAppConfig)')) was evaluated as ('' == 'true' and 'true' == 'true' and Exists('x64\Debug\EvenFibonacciNumbers.vcxproj.EvenFibonacciNumbers.exe.config')).
       Target "ResolveComReferences" skipped, due to false condition; ('@(COMReference)'!='' or '@(COMFileReference)'!='') was evaluated as (''!='' or ''!='').
     1>Target "AfterResolveReferences" in file "D:\Microsoft Visual Studio\2017\Community\MSBuild\15.0\Bin\Microsoft.Common.CurrentVersion.targets" from project "D:\Mikhail\P-T\Project - VC++\ProjectEuler\EvenFibonacciNumbers\EvenFibonacciNumbers.vcxproj" (target "ResolveReferences" depends on it):
     1>Done building target "AfterResolveReferences" in project "EvenFibonacciNumbers.vcxproj".
       Target "ImplicitlyExpandDesignTimeFacades" skipped, due to false condition; ('$(ImplicitlyExpandDesignTimeFacades)' == 'true') was evaluated as ('' == 'true').
       Target "ResolveTestReferences" skipped, due to false condition; ('@(Shadow)'!='') was evaluated as (''!='').
     1>Target "ResolveReferences" in file "D:\Microsoft Visual Studio\2017\Community\MSBuild\15.0\Bin\Microsoft.Common.CurrentVersion.targets" from project "D:\Mikhail\P-T\Project - VC++\ProjectEuler\EvenFibonacciNumbers\EvenFibonacciNumbers.vcxproj" (target "Build" depends on it):
     1>Done building target "ResolveReferences" in project "EvenFibonacciNumbers.vcxproj".
       Target "PrepareForBuild" skipped. Previously built successfully.
       Target "PrepareForBuild" skipped. Previously built successfully.
     1>Target "InitializeBuildStatus" in file "D:\Microsoft Visual Studio\2017\Community\Common7\IDE\VC\VCTargets\Microsoft.CppBuild.targets" from project "D:\Mikhail\P-T\Project - VC++\ProjectEuler\EvenFibonacciNumbers\EvenFibonacciNumbers.vcxproj" (target "Build" depends on it):
       Using "ReadLinesFromFile" task from assembly "Microsoft.Build.Tasks.Core, Version=15.1.0.0, Culture=neutral, PublicKeyToken=b03f5f7f11d50a3a".
       Task "ReadLinesFromFile"
       Done executing task "ReadLinesFromFile".
       Using "WriteLinesToFile" task from assembly "Microsoft.Build.Tasks.Core, Version=15.1.0.0, Culture=neutral, PublicKeyToken=b03f5f7f11d50a3a".
       Task "WriteLinesToFile"
       Done executing task "WriteLinesToFile".
       Using "Touch" task from assembly "Microsoft.Build.Tasks.Core, Version=15.1.0.0, Culture=neutral, PublicKeyToken=b03f5f7f11d50a3a".
       Task "Touch"
         Creating "x64\Debug\EvenFibo.BC7AFA26.tlog\unsuccessfulbuild" because "AlwaysCreate" was specified.
       Done executing task "Touch".
     1>Done building target "InitializeBuildStatus" in project "EvenFibonacciNumbers.vcxproj".
       Target "PrepareProjectReferences" skipped. Previously built successfully.
     1>Target "BuildGenerateSourcesTraverse" in file "D:\Microsoft Visual Studio\2017\Community\MSBuild\15.0\Bin\Microsoft.Common.CurrentVersion.targets" from project "D:\Mikhail\P-T\Project - VC++\ProjectEuler\EvenFibonacciNumbers\EvenFibonacciNumbers.vcxproj" (target "BuildGenerateSources" depends on it):
       Task "MSBuild" skipped, due to false condition; ('$(BuildPassReferences)' == 'true' and '@(ProjectReferenceWithConfiguration)' != '' and '@(_MSBuildProjectReferenceExistent)' != '' and '%(_MSBuildProjectReferenceExistent.BuildReference)' == 'true') was evaluated as ('' == 'true' and '' != '' and '' != '' and '' == 'true').
     1>Done building target "BuildGenerateSourcesTraverse" in project "EvenFibonacciNumbers.vcxproj".
       Target "PrepareForBuild" skipped. Previously built successfully.
       Target "ResolveReferences" skipped. Previously built successfully.
     1>Target "BeforeBuildGenerateSources" in file "D:\Microsoft Visual Studio\2017\Community\Common7\IDE\VC\VCTargets\Microsoft.BuildSteps.Targets" from project "D:\Mikhail\P-T\Project - VC++\ProjectEuler\EvenFibonacciNumbers\EvenFibonacciNumbers.vcxproj" (target "_BuildGenerateSourcesAction" depends on it):
     1>Done building target "BeforeBuildGenerateSources" in project "EvenFibonacciNumbers.vcxproj".
     1>Target "PreBuildEvent" in file "D:\Microsoft Visual Studio\2017\Community\Common7\IDE\VC\VCTargets\Microsoft.CppCommon.targets" from project "D:\Mikhail\P-T\Project - VC++\ProjectEuler\EvenFibonacciNumbers\EvenFibonacciNumbers.vcxproj" (target "_BuildGenerateSourcesAction" depends on it):
       Task "Message" skipped, due to false condition; ('%(PreBuildEvent.Message)' != '' and '%(PreBuildEvent.Command)' != '') was evaluated as ('' != '' and '' != '').
       Task "Exec" skipped, due to false condition; ('%(PreBuildEvent.Command)' != '') was evaluated as ('' != '').
     1>Done building target "PreBuildEvent" in project "EvenFibonacciNumbers.vcxproj".
       Target "CustomBuild" skipped, due to false condition; ('@(CustomBuild)' != '') was evaluated as ('' != '').
       Target "FxExport" skipped, due to false condition; ('@(FxCompile)' != '') was evaluated as ('' != '').
       Target "FxCompile" skipped, due to false condition; ('@(FxCompile)' != '') was evaluated as ('' != '').
       Target "Xsd" skipped, due to false condition; ('@(Xsd)' != '') was evaluated as ('' != '').
     1>Target "_Xsd" in file "D:\Microsoft Visual Studio\2017\Community\Common7\IDE\VC\VCTargets\Microsoft.CppBuild.targets" from project "D:\Mikhail\P-T\Project - VC++\ProjectEuler\EvenFibonacciNumbers\EvenFibonacciNumbers.vcxproj" (target "_BuildGenerateSourcesAction" depends on it):
     1>Done building target "_Xsd" in project "EvenFibonacciNumbers.vcxproj".
     1>Target "MakeDirsForMidl" in file "D:\Microsoft Visual Studio\2017\Community\Common7\IDE\VC\VCTargets\Microsoft.CppBuild.targets" from project "D:\Mikhail\P-T\Project - VC++\ProjectEuler\EvenFibonacciNumbers\EvenFibonacciNumbers.vcxproj" (target "_Midl" depends on it):
       Task "Makedir"
       Done executing task "Makedir".
     1>Done building target "MakeDirsForMidl" in project "EvenFibonacciNumbers.vcxproj".
       Target "Midl" skipped, due to false condition; ('@(Midl)' != '') was evaluated as ('' != '').
       Target "CustomBuild" skipped, due to false condition; ('@(CustomBuild)' != '') was evaluated as ('' != '').
       Target "FxExport" skipped, due to false condition; ('@(FxCompile)' != '') was evaluated as ('' != '').
       Target "FxCompile" skipped, due to false condition; ('@(FxCompile)' != '') was evaluated as ('' != '').
     1>Target "ComputeMIDLGeneratedCompileInputs" in file "D:\Microsoft Visual Studio\2017\Community\Common7\IDE\VC\VCTargets\Microsoft.CppBuild.targets" from project "D:\Mikhail\P-T\Project - VC++\ProjectEuler\EvenFibonacciNumbers\EvenFibonacciNumbers.vcxproj" (target "_Midl" depends on it):
     1>Done building target "ComputeMIDLGeneratedCompileInputs" in project "EvenFibonacciNumbers.vcxproj".
     1>Target "AfterMidl" in file "D:\Microsoft Visual Studio\2017\Community\Common7\IDE\VC\VCTargets\Microsoft.CppBuild.targets" from project "D:\Mikhail\P-T\Project - VC++\ProjectEuler\EvenFibonacciNumbers\EvenFibonacciNumbers.vcxproj" (target "_Midl" depends on it):
     1>Done building target "AfterMidl" in project "EvenFibonacciNumbers.vcxproj".
     1>Target "_Midl" in file "D:\Microsoft Visual Studio\2017\Community\Common7\IDE\VC\VCTargets\Microsoft.CppBuild.targets" from project "D:\Mikhail\P-T\Project - VC++\ProjectEuler\EvenFibonacciNumbers\EvenFibonacciNumbers.vcxproj" (target "_BuildGenerateSourcesAction" depends on it):
     1>Done building target "_Midl" in project "EvenFibonacciNumbers.vcxproj".
     1>Target "AfterBuildGenerateSources" in file "D:\Microsoft Visual Studio\2017\Community\Common7\IDE\VC\VCTargets\Microsoft.BuildSteps.Targets" from project "D:\Mikhail\P-T\Project - VC++\ProjectEuler\EvenFibonacciNumbers\EvenFibonacciNumbers.vcxproj" (target "_BuildGenerateSourcesAction" depends on it):
     1>Done building target "AfterBuildGenerateSources" in project "EvenFibonacciNumbers.vcxproj".
     1>Target "AfterBuildGenerateSourcesEvent" in file "D:\Microsoft Visual Studio\2017\Community\Common7\IDE\VC\VCTargets\Microsoft.CppBuild.targets" from project "D:\Mikhail\P-T\Project - VC++\ProjectEuler\EvenFibonacciNumbers\EvenFibonacciNumbers.vcxproj" (target "_BuildGenerateSourcesAction" depends on it):
     1>Done building target "AfterBuildGenerateSourcesEvent" in project "EvenFibonacciNumbers.vcxproj".
     1>Target "_BuildGenerateSourcesAction" in file "D:\Microsoft Visual Studio\2017\Community\Common7\IDE\VC\VCTargets\Microsoft.CppBuild.targets" from project "D:\Mikhail\P-T\Project - VC++\ProjectEuler\EvenFibonacciNumbers\EvenFibonacciNumbers.vcxproj" (target "BuildGenerateSources" depends on it):
     1>Done building target "_BuildGenerateSourcesAction" in project "EvenFibonacciNumbers.vcxproj".
     1>Target "BuildGenerateSources" in file "D:\Microsoft Visual Studio\2017\Community\MSBuild\15.0\Bin\Microsoft.Common.CurrentVersion.targets" from project "D:\Mikhail\P-T\Project - VC++\ProjectEuler\EvenFibonacciNumbers\EvenFibonacciNumbers.vcxproj" (target "Build" depends on it):
     1>Done building target "BuildGenerateSources" in project "EvenFibonacciNumbers.vcxproj".
       Target "PrepareProjectReferences" skipped. Previously built successfully.
     1>Target "BuildCompileTraverse" in file "D:\Microsoft Visual Studio\2017\Community\MSBuild\15.0\Bin\Microsoft.Common.CurrentVersion.targets" from project "D:\Mikhail\P-T\Project - VC++\ProjectEuler\EvenFibonacciNumbers\EvenFibonacciNumbers.vcxproj" (target "BuildCompile" depends on it):
       Task "MSBuild" skipped, due to false condition; ('$(BuildPassReferences)' == 'true' and '@(ProjectReferenceWithConfiguration)' != '' and '@(_MSBuildProjectReferenceExistent)' != ''  and '%(_MSBuildProjectReferenceExistent.BuildReference)' == 'true') was evaluated as ('' == 'true' and '' != '' and '' != ''  and '' == 'true').
     1>Done building target "BuildCompileTraverse" in project "EvenFibonacciNumbers.vcxproj".
       Target "PrepareForBuild" skipped. Previously built successfully.
       Target "ResolveReferences" skipped. Previously built successfully.
     1>Target "BeforeClCompile" in file "D:\Microsoft Visual Studio\2017\Community\Common7\IDE\VC\VCTargets\Microsoft.CppBuild.targets" from project "D:\Mikhail\P-T\Project - VC++\ProjectEuler\EvenFibonacciNumbers\EvenFibonacciNumbers.vcxproj" (target "_ClCompile" depends on it):
     1>Done building target "BeforeClCompile" in project "EvenFibonacciNumbers.vcxproj".
       Target "ComputeMIDLGeneratedCompileInputs" skipped. Previously built successfully.
     1>Target "ComputeCLInputPDBName" in file "D:\Microsoft Visual Studio\2017\Community\Common7\IDE\VC\VCTargets\Microsoft.CppBuild.targets" from project "D:\Mikhail\P-T\Project - VC++\ProjectEuler\EvenFibonacciNumbers\EvenFibonacciNumbers.vcxproj" (target "_ClCompile" depends on it):
     1>Done building target "ComputeCLInputPDBName" in project "EvenFibonacciNumbers.vcxproj".
       Target "ResolveReferences" skipped. Previously built successfully.
     1>Target "ComputeReferenceCLInput" in file "D:\Microsoft Visual Studio\2017\Community\Common7\IDE\VC\VCTargets\Microsoft.CppBuild.targets" from project "D:\Mikhail\P-T\Project - VC++\ProjectEuler\EvenFibonacciNumbers\EvenFibonacciNumbers.vcxproj" (target "_ClCompile" depends on it):
       Task "WriteLinesToFile" skipped, due to false condition; (('@(_ReferenceCopyLocalPaths)'!='') and '$(DesignTimeBuild)' != 'true') was evaluated as ((''!='') and '' != 'true').
       Task "Message" skipped, due to false condition; ('$(_REFERENCE_DEBUG)'=='true') was evaluated as (''=='true').
     1>Done building target "ComputeReferenceCLInput" in project "EvenFibonacciNumbers.vcxproj".
     1>Target "WarnCompileDuplicatedFilename" in file "D:\Microsoft Visual Studio\2017\Community\Common7\IDE\VC\VCTargets\Microsoft.CppBuild.targets" from project "D:\Mikhail\P-T\Project - VC++\ProjectEuler\EvenFibonacciNumbers\EvenFibonacciNumbers.vcxproj" (target "_ClCompile" depends on it):
       Task "VCMessage" skipped, due to false condition; ('%(ClCompile.ExcludedFromBuild)' != 'true' and '%(Filename)%(Extension)' != '@(ClCompile->'%(Filename)%(Extension)')' and '%(ObjectFileName)' == '@(ClCompile->Metadata(ObjectFileName)->Distinct())') was evaluated as ('' != 'true' and 'EvenFibonacciNumbers.cpp' != 'EvenFibonacciNumbers.cpp' and 'x64\Debug\' == 'x64\Debug\').
       Task "VCMessage" skipped, due to false condition; ('%(ClCompile.ExcludedFromBuild)' != 'true' and '%(Filename)%(Extension)' != '@(ClCompile->'%(Filename)%(Extension)')' and '%(ObjectFileName)' == '@(ClCompile->Metadata(ObjectFileName)->Distinct())') was evaluated as ('' != 'true' and 'stdafx.cpp' != 'stdafx.cpp' and 'x64\Debug\' == 'x64\Debug\').
     1>Done building target "WarnCompileDuplicatedFilename" in project "EvenFibonacciNumbers.vcxproj".
     1>Target "FixupCLCompileOptions" in file "D:\Microsoft Visual Studio\2017\Community\Common7\IDE\VC\VCTargets\Microsoft.CppCommon.targets" from project "D:\Mikhail\P-T\Project - VC++\ProjectEuler\EvenFibonacciNumbers\EvenFibonacciNumbers.vcxproj" (target "_ClCompile" depends on it):
     1>Done building target "FixupCLCompileOptions" in project "EvenFibonacciNumbers.vcxproj".
     1>Target "MakeDirsForCl" in file "D:\Microsoft Visual Studio\2017\Community\Common7\IDE\VC\VCTargets\Microsoft.CppBuild.targets" from project "D:\Mikhail\P-T\Project - VC++\ProjectEuler\EvenFibonacciNumbers\EvenFibonacciNumbers.vcxproj" (target "_ClCompile" depends on it):
       Task "MakeDir"
       Done executing task "MakeDir".
     1>Done building target "MakeDirsForCl" in project "EvenFibonacciNumbers.vcxproj".
       Target "PrepareForBuild" skipped. Previously built successfully.
       Target "SetBuildDefaultEnvironmentVariables" skipped. Previously built successfully.
       Target "SetUserMacroEnvironmentVariables" skipped, due to false condition; ('@(BuildMacro)' != '' and '$(DesignTimeBuild)' != 'true') was evaluated as ('' != '' and '' != 'true').
     1>Target "_SelectedFiles" in file "D:\Microsoft Visual Studio\2017\Community\Common7\IDE\VC\VCTargets\Microsoft.CppBuild.targets" from project "D:\Mikhail\P-T\Project - VC++\ProjectEuler\EvenFibonacciNumbers\EvenFibonacciNumbers.vcxproj" (target "SelectClCompile" depends on it):
     1>Done building target "_SelectedFiles" in project "EvenFibonacciNumbers.vcxproj".
       Target "ComputeMIDLGeneratedCompileInputs" skipped. Previously built successfully.
       Target "ComputeCLInputPDBName" skipped. Previously built successfully.
       Target "ComputeReferenceCLInput" skipped. Previously built successfully.
       Target "WarnCompileDuplicatedFilename" skipped. Previously built successfully.
       Target "FixupCLCompileOptions" skipped. Previously built successfully.
       Target "_SelectedFiles" skipped. Previously built successfully.
     1>Target "SelectCustomBuild" in file "D:\Microsoft Visual Studio\2017\Community\Common7\IDE\VC\VCTargets\Microsoft.CppBuild.targets" from project "D:\Mikhail\P-T\Project - VC++\ProjectEuler\EvenFibonacciNumbers\EvenFibonacciNumbers.vcxproj" (target "SelectClCompile" depends on it):
     1>Done building target "SelectCustomBuild" in project "EvenFibonacciNumbers.vcxproj".
     1>Target "SelectClCompile" in file "D:\Microsoft Visual Studio\2017\Community\Common7\IDE\VC\VCTargets\Microsoft.CppBuild.targets" from project "D:\Mikhail\P-T\Project - VC++\ProjectEuler\EvenFibonacciNumbers\EvenFibonacciNumbers.vcxproj" (target "ClCompile" depends on it):
     1>Done building target "SelectClCompile" in project "EvenFibonacciNumbers.vcxproj".
       Target "GenerateTargetFrameworkMonikerAttribute" skipped, due to false condition; ('$(GenerateTargetFrameworkAttribute)' == 'true') was evaluated as ('false' == 'true').
       Target "ManagedIncrementalBuildPreProcessDependencyGraph" skipped, due to false condition; ('@(ClCompile)' != '' and '$(EnableManagedIncrementalBuild)' == 'True') was evaluated as ('EvenFibonacciNumbers.cpp;stdafx.cpp' != '' and 'false' == 'True').
     1>Target "ClCompile" in file "D:\Microsoft Visual Studio\2017\Community\Common7\IDE\VC\VCTargets\Microsoft.CppCommon.targets" from project "D:\Mikhail\P-T\Project - VC++\ProjectEuler\EvenFibonacciNumbers\EvenFibonacciNumbers.vcxproj" (target "_ClCompile" depends on it):
       Using "Delete" task from assembly "Microsoft.Build.Tasks.Core, Version=15.1.0.0, Culture=neutral, PublicKeyToken=b03f5f7f11d50a3a".
       Task "Delete"
         File "x64\Debug\EvenFibonacciNumbers.pch" doesn't exist. Skipping.
       Done executing task "Delete".
       Task "CL" skipped, due to false condition; ('%(ClCompile.PrecompiledHeader)' == 'Create' and '%(ClCompile.ExcludedFromBuild)'!='true' and '%(ClCompile.CompilerIteration)' == '') was evaluated as ('Use' == 'Create' and ''!='true' and '' == '').
       Using "CL" task from assembly "D:\Microsoft Visual Studio\2017\Community\Common7\IDE\VC\VCTargets\Microsoft.Build.CppTasks.Common.dll".
       Task "CL"
         Forcing recompile of all source files due to missing PDB "x64\Debug\vc141.pdb".
         Environment Variables passed to tool:
           VS_UNICODE_OUTPUT=1316
         D:\Microsoft Visual Studio\2017\Community\VC\Tools\MSVC\14.11.25503\bin\HostX86\x64\CL.exe /c /ZI /nologo /W3 /WX- /diagnostics:classic /sdl /Od /D _DEBUG /D _CONSOLE /D _UNICODE /D UNICODE /Gm /EHsc /RTC1 /MDd /GS /fp:precise /Zc:wchar_t /Zc:forScope /Zc:inline /Yc"stdafx.h" /Fp"x64\Debug\EvenFibonacciNumbers.pch" /Fo"x64\Debug\\" /Fd"x64\Debug\vc141.pdb" /Gd /TP /errorReport:prompt stdafx.cpp
         Tracking command:
         D:\Microsoft Visual Studio\2017\Community\MSBuild\15.0\Bin\Tracker.exe /d "C:\Program Files (x86)\MSBuild\15.0\FileTracker\FileTracker32.dll" /i "D:\Mikhail\P-T\Project - VC++\ProjectEuler\EvenFibonacciNumbers\x64\Debug\EvenFibo.BC7AFA26.tlog" /r "D:\MIKHAIL\P-T\PROJECT - VC++\PROJECTEULER\EVENFIBONACCINUMBERS\STDAFX.CPP" /b MSBuildConsole_CancelEventa7f3f99a79f542aa915354a012c7c6b1  /c "D:\Microsoft Visual Studio\2017\Community\VC\Tools\MSVC\14.11.25503\bin\HostX86\x64\CL.exe"  /c /ZI /nologo /W3 /WX- /diagnostics:classic /sdl /Od /D _DEBUG /D _CONSOLE /D _UNICODE /D UNICODE /Gm /EHsc /RTC1 /MDd /GS /fp:precise /Zc:wchar_t /Zc:forScope /Zc:inline /Yc"stdafx.h" /Fp"x64\Debug\EvenFibonacciNumbers.pch" /Fo"x64\Debug\\" /Fd"x64\Debug\vc141.pdb" /Gd /TP /errorReport:prompt stdafx.cpp
         stdafx.cpp
       Done executing task "CL".
       Task "CL"
         Read Tracking Logs:
         	x64\Debug\EvenFibo.BC7AFA26.tlog\CL.read.1.tlog
         Outputs for D:\MIKHAIL\P-T\PROJECT - VC++\PROJECTEULER\EVENFIBONACCINUMBERS\EVENFIBONACCINUMBERS.CPP:
         	D:\MIKHAIL\P-T\PROJECT - VC++\PROJECTEULER\EVENFIBONACCINUMBERS\X64\DEBUG\EVENFIBONACCINUMBERS.OBJ
         EvenFibonacciNumbers.cpp will be compiled because it was not found in the tracking log.
         Environment Variables passed to tool:
           VS_UNICODE_OUTPUT=880
         D:\Microsoft Visual Studio\2017\Community\VC\Tools\MSVC\14.11.25503\bin\HostX86\x64\CL.exe /c /ZI /nologo /W3 /WX- /diagnostics:classic /sdl /Od /D _DEBUG /D _CONSOLE /D _UNICODE /D UNICODE /Gm /EHsc /RTC1 /MDd /GS /fp:precise /Zc:wchar_t /Zc:forScope /Zc:inline /Yu"stdafx.h" /Fp"x64\Debug\EvenFibonacciNumbers.pch" /Fo"x64\Debug\\" /Fd"x64\Debug\vc141.pdb" /Gd /TP /errorReport:prompt EvenFibonacciNumbers.cpp
         Tracking command:
         D:\Microsoft Visual Studio\2017\Community\MSBuild\15.0\Bin\Tracker.exe /d "C:\Program Files (x86)\MSBuild\15.0\FileTracker\FileTracker32.dll" /i "D:\Mikhail\P-T\Project - VC++\ProjectEuler\EvenFibonacciNumbers\x64\Debug\EvenFibo.BC7AFA26.tlog" /r "D:\MIKHAIL\P-T\PROJECT - VC++\PROJECTEULER\EVENFIBONACCINUMBERS\EVENFIBONACCINUMBERS.CPP" /b MSBuildConsole_CancelEvent491a01dd17424b0698b11e7eee968aaf  /c "D:\Microsoft Visual Studio\2017\Community\VC\Tools\MSVC\14.11.25503\bin\HostX86\x64\CL.exe"  /c /ZI /nologo /W3 /WX- /diagnostics:classic /sdl /Od /D _DEBUG /D _CONSOLE /D _UNICODE /D UNICODE /Gm /EHsc /RTC1 /MDd /GS /fp:precise /Zc:wchar_t /Zc:forScope /Zc:inline /Yu"stdafx.h" /Fp"x64\Debug\EvenFibonacciNumbers.pch" /Fo"x64\Debug\\" /Fd"x64\Debug\vc141.pdb" /Gd /TP /errorReport:prompt EvenFibonacciNumbers.cpp
         EvenFibonacciNumbers.cpp
       Done executing task "CL".
       Task "CL" skipped, due to false condition; ('%(ClCompile.PrecompiledHeader)' != 'Create' and '%(ClCompile.ExcludedFromBuild)'!='true' and '%(ClCompile.CompilerIteration)' == '' and @(ClCompile) != '') was evaluated as ('Create' != 'Create' and ''!='true' and '' == '' and stdafx.cpp != '').
     1>Done building target "ClCompile" in project "EvenFibonacciNumbers.vcxproj".
       Target "ManagedIncrementalBuildPostProcessDependencyGraph" skipped, due to false condition; ('@(ClCompile)' != '' and '$(EnableManagedIncrementalBuild)' == 'True') was evaluated as ('EvenFibonacciNumbers.cpp;stdafx.cpp' != '' and 'false' == 'True').
     1>Target "AfterClCompile" in file "D:\Microsoft Visual Studio\2017\Community\Common7\IDE\VC\VCTargets\Microsoft.CppBuild.targets" from project "D:\Mikhail\P-T\Project - VC++\ProjectEuler\EvenFibonacciNumbers\EvenFibonacciNumbers.vcxproj" (target "_ClCompile" depends on it):
     1>Done building target "AfterClCompile" in project "EvenFibonacciNumbers.vcxproj".
     1>Target "_ClCompile" in file "D:\Microsoft Visual Studio\2017\Community\Common7\IDE\VC\VCTargets\Microsoft.CppBuild.targets" from project "D:\Mikhail\P-T\Project - VC++\ProjectEuler\EvenFibonacciNumbers\EvenFibonacciNumbers.vcxproj" (target "_BuildCompileAction" depends on it):
     1>Done building target "_ClCompile" in project "EvenFibonacciNumbers.vcxproj".
       Target "_ResGen" skipped, due to false condition; ('@(EmbeddedResource)'!='') was evaluated as (''!='').
     1>Target "BeforeResourceCompile" in file "D:\Microsoft Visual Studio\2017\Community\Common7\IDE\VC\VCTargets\Microsoft.CppBuild.targets" from project "D:\Mikhail\P-T\Project - VC++\ProjectEuler\EvenFibonacciNumbers\EvenFibonacciNumbers.vcxproj" (target "_ResourceCompile" depends on it):
     1>Done building target "BeforeResourceCompile" in project "EvenFibonacciNumbers.vcxproj".
     1>Target "MakeDirsForResourceCompile" in file "D:\Microsoft Visual Studio\2017\Community\Common7\IDE\VC\VCTargets\Microsoft.CppBuild.targets" from project "D:\Mikhail\P-T\Project - VC++\ProjectEuler\EvenFibonacciNumbers\EvenFibonacciNumbers.vcxproj" (target "_ResourceCompile" depends on it):
       Task "MakeDir"
       Done executing task "MakeDir".
     1>Done building target "MakeDirsForResourceCompile" in project "EvenFibonacciNumbers.vcxproj".
       Target "ResourceCompile" skipped, due to false condition; ('@(ResourceCompile)' != '') was evaluated as ('' != '').
     1>Target "AfterResourceCompile" in file "D:\Microsoft Visual Studio\2017\Community\Common7\IDE\VC\VCTargets\Microsoft.CppBuild.targets" from project "D:\Mikhail\P-T\Project - VC++\ProjectEuler\EvenFibonacciNumbers\EvenFibonacciNumbers.vcxproj" (target "_ResourceCompile" depends on it):
     1>Done building target "AfterResourceCompile" in project "EvenFibonacciNumbers.vcxproj".
     1>Target "_ResourceCompile" in file "D:\Microsoft Visual Studio\2017\Community\Common7\IDE\VC\VCTargets\Microsoft.CppBuild.targets" from project "D:\Mikhail\P-T\Project - VC++\ProjectEuler\EvenFibonacciNumbers\EvenFibonacciNumbers.vcxproj" (target "_BuildCompileAction" depends on it):
     1>Done building target "_ResourceCompile" in project "EvenFibonacciNumbers.vcxproj".
       Target "_ImpLib" skipped, due to false condition; ('$(ImpLibCompiled)' == 'true') was evaluated as ('' == 'true').
       Target "_Lib" skipped, due to false condition; ('$(LibCompiled)' == 'true') was evaluated as ('' == 'true').
     1>Target "AfterBuildCompileEvent" in file "D:\Microsoft Visual Studio\2017\Community\Common7\IDE\VC\VCTargets\Microsoft.CppBuild.targets" from project "D:\Mikhail\P-T\Project - VC++\ProjectEuler\EvenFibonacciNumbers\EvenFibonacciNumbers.vcxproj" (target "_BuildCompileAction" depends on it):
     1>Done building target "AfterBuildCompileEvent" in project "EvenFibonacciNumbers.vcxproj".
     1>Target "_BuildCompileAction" in file "D:\Microsoft Visual Studio\2017\Community\Common7\IDE\VC\VCTargets\Microsoft.CppBuild.targets" from project "D:\Mikhail\P-T\Project - VC++\ProjectEuler\EvenFibonacciNumbers\EvenFibonacciNumbers.vcxproj" (target "BuildCompile" depends on it):
     1>Done building target "_BuildCompileAction" in project "EvenFibonacciNumbers.vcxproj".
     1>Target "BuildCompile" in file "D:\Microsoft Visual Studio\2017\Community\MSBuild\15.0\Bin\Microsoft.Common.CurrentVersion.targets" from project "D:\Mikhail\P-T\Project - VC++\ProjectEuler\EvenFibonacciNumbers\EvenFibonacciNumbers.vcxproj" (target "Build" depends on it):
     1>Done building target "BuildCompile" in project "EvenFibonacciNumbers.vcxproj".
       Target "PrepareProjectReferences" skipped. Previously built successfully.
     1>Target "BuildLinkTraverse" in file "D:\Microsoft Visual Studio\2017\Community\MSBuild\15.0\Bin\Microsoft.Common.CurrentVersion.targets" from project "D:\Mikhail\P-T\Project - VC++\ProjectEuler\EvenFibonacciNumbers\EvenFibonacciNumbers.vcxproj" (target "BuildLink" depends on it):
       Task "MSBuild" skipped, due to false condition; ('$(BuildPassReferences)' == 'true' and '@(ProjectReferenceWithConfiguration)' != '' and '@(_MSBuildProjectReferenceExistent)' != ''  and '%(_MSBuildProjectReferenceExistent.BuildReference)' == 'true') was evaluated as ('' == 'true' and '' != '' and '' != ''  and '' == 'true').
     1>Done building target "BuildLinkTraverse" in project "EvenFibonacciNumbers.vcxproj".
       Target "PrepareForBuild" skipped. Previously built successfully.
       Target "ResolveReferences" skipped. Previously built successfully.
     1>Target "ComputeLegacyManifestEmbedding" in file "D:\Microsoft Visual Studio\2017\Community\Common7\IDE\VC\VCTargets\Microsoft.CppBuild.targets" from project "D:\Mikhail\P-T\Project - VC++\ProjectEuler\EvenFibonacciNumbers\EvenFibonacciNumbers.vcxproj" (target "_BuildLinkAction" depends on it):
       Task "VCMessage" skipped, due to false condition; ('$(RevertManifestEmbedding)' == 'true' and '$(_LegacyManifestEmbeddingDebug)' == 'true') was evaluated as ('' == 'true' and '' == 'true').
     1>Done building target "ComputeLegacyManifestEmbedding" in project "EvenFibonacciNumbers.vcxproj".
     1>Target "BeforeLink" in file "D:\Microsoft Visual Studio\2017\Community\Common7\IDE\VC\VCTargets\Microsoft.CppBuild.targets" from project "D:\Mikhail\P-T\Project - VC++\ProjectEuler\EvenFibonacciNumbers\EvenFibonacciNumbers.vcxproj" (target "_Link" depends on it):
     1>Done building target "BeforeLink" in project "EvenFibonacciNumbers.vcxproj".
     1>Target "ComputeRCOutputs" in file "D:\Microsoft Visual Studio\2017\Community\Common7\IDE\VC\VCTargets\Microsoft.CppBuild.targets" from project "D:\Mikhail\P-T\Project - VC++\ProjectEuler\EvenFibonacciNumbers\EvenFibonacciNumbers.vcxproj" (target "ComputeRCGeneratedLinkInputs" depends on it):
     1>Done building target "ComputeRCOutputs" in project "EvenFibonacciNumbers.vcxproj".
     1>Target "ComputeRCGeneratedLinkInputs" in file "D:\Microsoft Visual Studio\2017\Community\Common7\IDE\VC\VCTargets\Microsoft.CppBuild.targets" from project "D:\Mikhail\P-T\Project - VC++\ProjectEuler\EvenFibonacciNumbers\EvenFibonacciNumbers.vcxproj" (target "_Link" depends on it):
     1>Done building target "ComputeRCGeneratedLinkInputs" in project "EvenFibonacciNumbers.vcxproj".
     1>Target "ComputeManifestGeneratedLinkerInputs" in file "D:\Microsoft Visual Studio\2017\Community\Common7\IDE\VC\VCTargets\Microsoft.CppBuild.targets" from project "D:\Mikhail\P-T\Project - VC++\ProjectEuler\EvenFibonacciNumbers\EvenFibonacciNumbers.vcxproj" (target "_Link" depends on it):
     1>Done building target "ComputeManifestGeneratedLinkerInputs" in project "EvenFibonacciNumbers.vcxproj".
     1>Target "ComputeCustomBuildOutput" in file "D:\Microsoft Visual Studio\2017\Community\Common7\IDE\VC\VCTargets\Microsoft.CppBuild.targets" from project "D:\Mikhail\P-T\Project - VC++\ProjectEuler\EvenFibonacciNumbers\EvenFibonacciNumbers.vcxproj" (target "_Link" depends on it):
       Task "CreateItem" skipped, due to false condition; ('%(CustomBuildDirsToMake.OutputFileToTool)'!='') was evaluated as (''!='').
       Task "MakeDir"
       Done executing task "MakeDir".
     1>Done building target "ComputeCustomBuildOutput" in project "EvenFibonacciNumbers.vcxproj".
       Target "ComputeMIDLGeneratedCompileInputs" skipped. Previously built successfully.
       Target "ComputeCLInputPDBName" skipped. Previously built successfully.
       Target "ComputeReferenceCLInput" skipped. Previously built successfully.
       Target "WarnCompileDuplicatedFilename" skipped. Previously built successfully.
       Target "FixupCLCompileOptions" skipped. Previously built successfully.
     1>Target "ComputeCLOutputs" in file "D:\Microsoft Visual Studio\2017\Community\Common7\IDE\VC\VCTargets\Microsoft.CppBuild.targets" from project "D:\Mikhail\P-T\Project - VC++\ProjectEuler\EvenFibonacciNumbers\EvenFibonacciNumbers.vcxproj" (target "ComputeCLGeneratedLinkInputs" depends on it):
     1>Done building target "ComputeCLOutputs" in project "EvenFibonacciNumbers.vcxproj".
     1>Target "ComputeCLGeneratedLinkInputs" in file "D:\Microsoft Visual Studio\2017\Community\Common7\IDE\VC\VCTargets\Microsoft.CppBuild.targets" from project "D:\Mikhail\P-T\Project - VC++\ProjectEuler\EvenFibonacciNumbers\EvenFibonacciNumbers.vcxproj" (target "_Link" depends on it):
     1>Done building target "ComputeCLGeneratedLinkInputs" in project "EvenFibonacciNumbers.vcxproj".
     1>Target "ComputeLinkInputsFromProject" in file "D:\Microsoft Visual Studio\2017\Community\Common7\IDE\VC\VCTargets\Microsoft.CppBuild.targets" from project "D:\Mikhail\P-T\Project - VC++\ProjectEuler\EvenFibonacciNumbers\EvenFibonacciNumbers.vcxproj" (target "_Link" depends on it):
     1>Done building target "ComputeLinkInputsFromProject" in project "EvenFibonacciNumbers.vcxproj".
       Target "ComputeReferenceLinkInputs" skipped, due to false condition; (@(ProjectReference) != '') was evaluated as ( != '').
     1>Target "ComputeManifestInputsTargets" in file "D:\Microsoft Visual Studio\2017\Community\Common7\IDE\VC\VCTargets\Microsoft.CppBuild.targets" from project "D:\Mikhail\P-T\Project - VC++\ProjectEuler\EvenFibonacciNumbers\EvenFibonacciNumbers.vcxproj" (target "_Link" depends on it):
     1>Done building target "ComputeManifestInputsTargets" in project "EvenFibonacciNumbers.vcxproj".
       Target "ManifestResourceCompile" skipped, due to false condition; ('$(EmbedManifestBy)' == 'LINK' and '@(Manifest)' != '') was evaluated as ('LINK' == 'LINK' and '' != '').
       Target "AssignWinFXEmbeddedResource" skipped, due to false condition; ('@(WinFXEmbeddedResource)' != '') was evaluated as ('' != '').
     1>Target "AssignTargetPaths" in file "D:\Microsoft Visual Studio\2017\Community\MSBuild\15.0\Bin\Microsoft.Common.CurrentVersion.targets" from project "D:\Mikhail\P-T\Project - VC++\ProjectEuler\EvenFibonacciNumbers\EvenFibonacciNumbers.vcxproj" (target "PrepareResourceNames" depends on it):
       Using "AssignTargetPath" task from assembly "Microsoft.Build.Tasks.Core, Version=15.1.0.0, Culture=neutral, PublicKeyToken=b03f5f7f11d50a3a".
       Task "AssignTargetPath"
       Done executing task "AssignTargetPath".
       Task "AssignTargetPath"
       Done executing task "AssignTargetPath".
       Task "AssignTargetPath"
       Done executing task "AssignTargetPath".
       Task "AssignTargetPath"
       Done executing task "AssignTargetPath".
       Task "AssignTargetPath" skipped, due to false condition; ('@(_DeploymentBaseManifestWithTargetPath)'=='' and '%(None.Extension)'=='.manifest') was evaluated as (''=='' and ''=='.manifest').
     1>Done building target "AssignTargetPaths" in project "EvenFibonacciNumbers.vcxproj".
       Target "AssignTargetPaths" skipped. Previously built successfully.
     1>Target "SplitResourcesByCulture" in file "D:\Microsoft Visual Studio\2017\Community\MSBuild\15.0\Bin\Microsoft.Common.CurrentVersion.targets" from project "D:\Mikhail\P-T\Project - VC++\ProjectEuler\EvenFibonacciNumbers\EvenFibonacciNumbers.vcxproj" (target "PrepareResourceNames" depends on it):
       Task "Warning" skipped, due to false condition; ('@(ResxWithNoCulture)'!='') was evaluated as (''!='').
       Task "Warning" skipped, due to false condition; ('@(ResxWithCulture)'!='') was evaluated as (''!='').
       Task "Warning" skipped, due to false condition; ('@(NonResxWithCulture)'!='') was evaluated as (''!='').
       Task "Warning" skipped, due to false condition; ('@(NonResxWithNoCulture)'!='') was evaluated as (''!='').
       Using "AssignCulture" task from assembly "Microsoft.Build.Tasks.Core, Version=15.1.0.0, Culture=neutral, PublicKeyToken=b03f5f7f11d50a3a".
       Task "AssignCulture"
       Done executing task "AssignCulture".
     1>Done building target "SplitResourcesByCulture" in project "EvenFibonacciNumbers.vcxproj".
       Target "CreateManifestResourceNames" skipped, due to false condition; ('@(EmbeddedResource)' != '') was evaluated as ('' != '').
     1>Target "CreateCustomManifestResourceNames" in file "D:\Microsoft Visual Studio\2017\Community\MSBuild\15.0\Bin\Microsoft.Common.CurrentVersion.targets" from project "D:\Mikhail\P-T\Project - VC++\ProjectEuler\EvenFibonacciNumbers\EvenFibonacciNumbers.vcxproj" (target "PrepareResourceNames" depends on it):
     1>Done building target "CreateCustomManifestResourceNames" in project "EvenFibonacciNumbers.vcxproj".
     1>Target "PrepareResourceNames" in file "D:\Microsoft Visual Studio\2017\Community\MSBuild\15.0\Bin\Microsoft.Common.CurrentVersion.targets" from project "D:\Mikhail\P-T\Project - VC++\ProjectEuler\EvenFibonacciNumbers\EvenFibonacciNumbers.vcxproj" (target "_Link" depends on it):
     1>Done building target "PrepareResourceNames" in project "EvenFibonacciNumbers.vcxproj".
     1>Target "MakeDirsForLink" in file "D:\Microsoft Visual Studio\2017\Community\Common7\IDE\VC\VCTargets\Microsoft.CppBuild.targets" from project "D:\Mikhail\P-T\Project - VC++\ProjectEuler\EvenFibonacciNumbers\EvenFibonacciNumbers.vcxproj" (target "_Link" depends on it):
       Task "MakeDir"
       Done executing task "MakeDir".
     1>Done building target "MakeDirsForLink" in project "EvenFibonacciNumbers.vcxproj".
     1>Target "DoLinkOutputFilesMatch" in file "D:\Microsoft Visual Studio\2017\Community\Common7\IDE\VC\VCTargets\Microsoft.CppBuild.targets" from project "D:\Mikhail\P-T\Project - VC++\ProjectEuler\EvenFibonacciNumbers\EvenFibonacciNumbers.vcxproj" (target "_Link" depends on it):
       Task "VCMessage" skipped, due to false condition; ('@(_OutputFileFromLink)' == '') was evaluated as ('D:\Mikhail\P-T\Project - VC++\ProjectEuler\x64\Debug\EvenFibonacciNumbers.exe' == '').
       Task "VCMessage" skipped, due to false condition; ('@(_OutputFileFromLink)' != '' and '%(_OutputFileFromLink.FullPath)' != '$([System.IO.Path]::GetFullPath($(TargetPath)))') was evaluated as ('D:\Mikhail\P-T\Project - VC++\ProjectEuler\x64\Debug\EvenFibonacciNumbers.exe' != '' and 'D:\Mikhail\P-T\Project - VC++\ProjectEuler\x64\Debug\EvenFibonacciNumbers.exe' != 'D:\Mikhail\P-T\Project - VC++\ProjectEuler\x64\Debug\EvenFibonacciNumbers.exe').
       Task "VCMessage" skipped, due to false condition; ('@(_OutputFileFromLink)' != '' and '%(_OutputFileFromLink.Extension)' != '' and '%(_OutputFileFromLink.Extension)' != '$(TargetExt)') was evaluated as ('D:\Mikhail\P-T\Project - VC++\ProjectEuler\x64\Debug\EvenFibonacciNumbers.exe' != '' and '.exe' != '' and '.exe' != '.exe').
       Task "VCMessage" skipped, due to false condition; ('@(_OutputFileFromLink)' != '' and '%(_OutputFileFromLink.Filename)' != '' and '%(_OutputFileFromLink.Filename)' != '$(TargetName)') was evaluated as ('D:\Mikhail\P-T\Project - VC++\ProjectEuler\x64\Debug\EvenFibonacciNumbers.exe' != '' and 'EvenFibonacciNumbers' != '' and 'EvenFibonacciNumbers' != 'EvenFibonacciNumbers').
       Task "VCMessage" skipped, due to false condition; ('%(Link.MinimumRequiredVersion)' != '' and ('%(Link.Subsystem)' == '' or '%(Link.Subsystem)' == 'NotSet')) was evaluated as ('' != '' and ('Console' == '' or 'Console' == 'NotSet')).
     1>Done building target "DoLinkOutputFilesMatch" in project "EvenFibonacciNumbers.vcxproj".
     1>Target "PreLinkEvent" in file "D:\Microsoft Visual Studio\2017\Community\Common7\IDE\VC\VCTargets\Microsoft.CppCommon.targets" from project "D:\Mikhail\P-T\Project - VC++\ProjectEuler\EvenFibonacciNumbers\EvenFibonacciNumbers.vcxproj" (target "_Link" depends on it):
       Task "Message" skipped, due to false condition; ('%(PreLinkEvent.Message)' != '' and '%(PreLinkEvent.Command)' != '') was evaluated as ('' != '' and '' != '').
       Task "Exec" skipped, due to false condition; ('%(PreLinkEvent.Command)' != '') was evaluated as ('' != '').
     1>Done building target "PreLinkEvent" in project "EvenFibonacciNumbers.vcxproj".
     1>Target "ComputeLinkSwitches" in file "D:\Microsoft Visual Studio\2017\Community\Common7\IDE\VC\VCTargets\Microsoft.CppCommon.targets" from project "D:\Mikhail\P-T\Project - VC++\ProjectEuler\EvenFibonacciNumbers\EvenFibonacciNumbers.vcxproj" (target "Link" depends on it):
     1>Done building target "ComputeLinkSwitches" in project "EvenFibonacciNumbers.vcxproj".
     1>Target "Link" in file "D:\Microsoft Visual Studio\2017\Community\Common7\IDE\VC\VCTargets\Microsoft.CppCommon.targets" from project "D:\Mikhail\P-T\Project - VC++\ProjectEuler\EvenFibonacciNumbers\EvenFibonacciNumbers.vcxproj" (target "_Link" depends on it):
       Using "Link" task from assembly "D:\Microsoft Visual Studio\2017\Community\Common7\IDE\VC\VCTargets\Microsoft.Build.CppTasks.Common.dll".
       Task "Link"
         Environment Variables passed to tool:
           VS_UNICODE_OUTPUT=1484
         D:\Microsoft Visual Studio\2017\Community\VC\Tools\MSVC\14.11.25503\bin\HostX86\x64\link.exe /ERRORREPORT:PROMPT /OUT:"D:\Mikhail\P-T\Project - VC++\ProjectEuler\x64\Debug\EvenFibonacciNumbers.exe" /INCREMENTAL /NOLOGO kernel32.lib user32.lib gdi32.lib winspool.lib comdlg32.lib advapi32.lib shell32.lib ole32.lib oleaut32.lib uuid.lib odbc32.lib odbccp32.lib /MANIFEST /MANIFESTUAC:"level='asInvoker' uiAccess='false'" /manifest:embed /DEBUG:FASTLINK /PDB:"D:\Mikhail\P-T\Project - VC++\ProjectEuler\x64\Debug\EvenFibonacciNumbers.pdb" /SUBSYSTEM:CONSOLE /TLBID:1 /DYNAMICBASE /NXCOMPAT /IMPLIB:"D:\Mikhail\P-T\Project - VC++\ProjectEuler\x64\Debug\EvenFibonacciNumbers.lib" /MACHINE:X64 x64\Debug\EvenFibonacciNumbers.obj
         x64\Debug\stdafx.obj
         Tracking command:
         D:\Microsoft Visual Studio\2017\Community\MSBuild\15.0\Bin\Tracker.exe /a /d "C:\Program Files (x86)\MSBuild\15.0\FileTracker\FileTracker32.dll" /i "D:\Mikhail\P-T\Project - VC++\ProjectEuler\EvenFibonacciNumbers\x64\Debug\EvenFibo.BC7AFA26.tlog" /r "D:\MIKHAIL\P-T\PROJECT - VC++\PROJECTEULER\EVENFIBONACCINUMBERS\X64\DEBUG\EVENFIBONACCINUMBERS.OBJ|D:\MIKHAIL\P-T\PROJECT - VC++\PROJECTEULER\EVENFIBONACCINUMBERS\X64\DEBUG\STDAFX.OBJ" /b MSBuildConsole_CancelEventbcd86406d03f4efb8d21ac36127ad06f  /c "D:\Microsoft Visual Studio\2017\Community\VC\Tools\MSVC\14.11.25503\bin\HostX86\x64\link.exe"  /ERRORREPORT:PROMPT /OUT:"D:\Mikhail\P-T\Project - VC++\ProjectEuler\x64\Debug\EvenFibonacciNumbers.exe" /INCREMENTAL /NOLOGO kernel32.lib user32.lib gdi32.lib winspool.lib comdlg32.lib advapi32.lib shell32.lib ole32.lib oleaut32.lib uuid.lib odbc32.lib odbccp32.lib /MANIFEST /MANIFESTUAC:"level='asInvoker' uiAccess='false'" /manifest:embed /DEBUG:FASTLINK /PDB:"D:\Mikhail\P-T\Project - VC++\ProjectEuler\x64\Debug\EvenFibonacciNumbers.pdb" /SUBSYSTEM:CONSOLE /TLBID:1 /DYNAMICBASE /NXCOMPAT /IMPLIB:"D:\Mikhail\P-T\Project - VC++\ProjectEuler\x64\Debug\EvenFibonacciNumbers.lib" /MACHINE:X64 x64\Debug\EvenFibonacciNumbers.obj
         x64\Debug\stdafx.obj
       Done executing task "Link".
       Task "Message"
         EvenFibonacciNumbers.vcxproj -> D:\Mikhail\P-T\Project - VC++\ProjectEuler\x64\Debug\EvenFibonacciNumbers.exe
       Done executing task "Message".
       Task "VCMessage" skipped, due to false condition; (('$(EmbedManifestBy)' != 'LINK' or '$(LegacyManifestEmbedding)' != 'true' or '$(LinkSkippedExecution)' == 'true') and
                    %(Link.GenerateDebugInformation) == 'DebugFastLink' and %(Link.ProgramDataBaseFileName) != '') was evaluated as (('LINK' != 'LINK' or '' != 'true' or 'False' == 'true') and
                    DebugFastLink == 'DebugFastLink' and  != '').
       Task "VCMessage" skipped, due to false condition; (('$(EmbedManifestBy)' != 'LINK' or '$(LegacyManifestEmbedding)' != 'true' or '$(LinkSkippedExecution)' == 'true') and
                    %(Link.GenerateDebugInformation) == 'true' and %(Link.ProgramDataBaseFileName) != '') was evaluated as (('LINK' != 'LINK' or '' != 'true' or 'False' == 'true') and
                    DebugFastLink == 'true' and  != '').
     1>Done building target "Link" in project "EvenFibonacciNumbers.vcxproj".
       Target "MetaGenInputsOutputs" skipped, due to false condition; ('$(EnableManagedIncrementalBuild)' == 'True') was evaluated as ('false' == 'True').
       Target "ComputeMetaGenInputs" skipped, due to false condition; ('$(CLRSupport)'!='' and '$(CLRSupport)'!='false') was evaluated as ('false'!='' and 'false'!='false').
       Target "MetaGen" skipped, due to false condition; ('@(MetaGen)' != '') was evaluated as ('' != '').
     1>Target "ComputeLinkImportLibraryOutputsForClean" in file "D:\Microsoft Visual Studio\2017\Community\Common7\IDE\VC\VCTargets\Microsoft.CppBuild.targets" from project "D:\Mikhail\P-T\Project - VC++\ProjectEuler\EvenFibonacciNumbers\EvenFibonacciNumbers.vcxproj" (target "_Link" depends on it):
       Task "WriteLinesToFile" skipped, due to false condition; ('@(_LinkSecondaryOutput)' != '') was evaluated as ('' != '').
     1>Done building target "ComputeLinkImportLibraryOutputsForClean" in project "EvenFibonacciNumbers.vcxproj".
     1>Target "AfterLink" in file "D:\Microsoft Visual Studio\2017\Community\Common7\IDE\VC\VCTargets\Microsoft.CppBuild.targets" from project "D:\Mikhail\P-T\Project - VC++\ProjectEuler\EvenFibonacciNumbers\EvenFibonacciNumbers.vcxproj" (target "_Link" depends on it):
     1>Done building target "AfterLink" in project "EvenFibonacciNumbers.vcxproj".
     1>Target "_Link" in file "D:\Microsoft Visual Studio\2017\Community\Common7\IDE\VC\VCTargets\Microsoft.CppBuild.targets" from project "D:\Mikhail\P-T\Project - VC++\ProjectEuler\EvenFibonacciNumbers\EvenFibonacciNumbers.vcxproj" (target "_BuildLinkAction" depends on it):
     1>Done building target "_Link" in project "EvenFibonacciNumbers.vcxproj".
     1>Target "_ALink" in file "D:\Microsoft Visual Studio\2017\Community\Common7\IDE\VC\VCTargets\Microsoft.CppBuild.targets" from project "D:\Mikhail\P-T\Project - VC++\ProjectEuler\EvenFibonacciNumbers\EvenFibonacciNumbers.vcxproj" (target "_BuildLinkAction" depends on it):
     1>Done building target "_ALink" in project "EvenFibonacciNumbers.vcxproj".
       Target "ComputeLegacyManifestEmbedding" skipped. Previously built successfully.
     1>Target "_Manifest" in file "D:\Microsoft Visual Studio\2017\Community\Common7\IDE\VC\VCTargets\Microsoft.CppBuild.targets" from project "D:\Mikhail\P-T\Project - VC++\ProjectEuler\EvenFibonacciNumbers\EvenFibonacciNumbers.vcxproj" (target "_BuildLinkAction" depends on it):
       Task "CallTarget" skipped, due to false condition; ('$(LegacyManifestEmbedding)' == 'true') was evaluated as ('' == 'true').
     1>Done building target "_Manifest" in project "EvenFibonacciNumbers.vcxproj".
     1>Target "RegisterOutput" in file "D:\Microsoft Visual Studio\2017\Community\Common7\IDE\VC\VCTargets\Microsoft.CppCommon.targets" from project "D:\Mikhail\P-T\Project - VC++\ProjectEuler\EvenFibonacciNumbers\EvenFibonacciNumbers.vcxproj" (target "_BuildLinkAction" depends on it):
       Task "Exec" skipped, due to false condition; ('$(ConfigurationType)'=='DynamicLibrary' and '%(Link.RegisterOutput)'=='true' and '%(Link.PerUserRedirection)'!='true') was evaluated as ('Application'=='DynamicLibrary' and 'false'=='true' and 'false'!='true').
       Task "Exec" skipped, due to false condition; ('$(ConfigurationType)'=='DynamicLibrary' and '%(Link.RegisterOutput)'=='true' and '%(Link.PerUserRedirection)'=='true') was evaluated as ('Application'=='DynamicLibrary' and 'false'=='true' and 'false'=='true').
       Task "Exec" skipped, due to false condition; ('$(ConfigurationType)'=='Application' and '%(Link.RegisterOutput)'=='true' and '%(Link.PerUserRedirection)'!='true') was evaluated as ('Application'=='Application' and 'false'=='true' and 'false'!='true').
       Task "Exec" skipped, due to false condition; ('$(ConfigurationType)'=='Application' and '%(Link.RegisterOutput)'=='true' and '%(Link.PerUserRedirection)'=='true') was evaluated as ('Application'=='Application' and 'false'=='true' and 'false'=='true').
       Task "VCMessage" skipped, due to false condition; ('$(_RegisterOutputExitCode)' != '' and '$(_RegisterOutputExitCode)' != '0') was evaluated as ('' != '' and '' != '0').
     1>Done building target "RegisterOutput" in project "EvenFibonacciNumbers.vcxproj".
       Target "PrepareForBuild" skipped. Previously built successfully.
       Target "ResolveReferences" skipped. Previously built successfully.
     1>Target "ResolvedXDCMake" in file "D:\Microsoft Visual Studio\2017\Community\Common7\IDE\VC\VCTargets\Microsoft.CppBuild.targets" from project "D:\Mikhail\P-T\Project - VC++\ProjectEuler\EvenFibonacciNumbers\EvenFibonacciNumbers.vcxproj" (target "_XdcMake" depends on it):
       Task "MSBuild" skipped, due to false condition; ('%(_MSBuildProjectReferenceExistent.Extension)' == '.vcxproj' and '@(ProjectReferenceWithConfiguration)' != '' and '@(_MSBuildProjectReferenceExistent)' != '' and '$(_ClCompileGenerateXMLDocumentationFiles)' == 'true') was evaluated as ('' == '.vcxproj' and '' != '' and '' != '' and '' == 'true').
     1>Done building target "ResolvedXDCMake" in project "EvenFibonacciNumbers.vcxproj".
     1>Target "ComputeCLCompileGeneratedXDCFiles" in file "D:\Microsoft Visual Studio\2017\Community\Common7\IDE\VC\VCTargets\Microsoft.CppBuild.targets" from project "D:\Mikhail\P-T\Project - VC++\ProjectEuler\EvenFibonacciNumbers\EvenFibonacciNumbers.vcxproj" (target "_XdcMake" depends on it):
     1>Done building target "ComputeCLCompileGeneratedXDCFiles" in project "EvenFibonacciNumbers.vcxproj".
     1>Target "MakeDirsForXdcMake" in file "D:\Microsoft Visual Studio\2017\Community\Common7\IDE\VC\VCTargets\Microsoft.CppBuild.targets" from project "D:\Mikhail\P-T\Project - VC++\ProjectEuler\EvenFibonacciNumbers\EvenFibonacciNumbers.vcxproj" (target "_XdcMake" depends on it):
       Task "MakeDir"
       Done executing task "MakeDir".
     1>Done building target "MakeDirsForXdcMake" in project "EvenFibonacciNumbers.vcxproj".
       Target "XdcMake" skipped, due to false condition; ('@(XdcMake)' != '') was evaluated as ('' != '').
     1>Target "_XdcMake" in file "D:\Microsoft Visual Studio\2017\Community\Common7\IDE\VC\VCTargets\Microsoft.CppBuild.targets" from project "D:\Mikhail\P-T\Project - VC++\ProjectEuler\EvenFibonacciNumbers\EvenFibonacciNumbers.vcxproj" (target "_BuildLinkAction" depends on it):
     1>Done building target "_XdcMake" in project "EvenFibonacciNumbers.vcxproj".
     1>Target "ComputeCLCompileGeneratedSbrFiles" in file "D:\Microsoft Visual Studio\2017\Community\Common7\IDE\VC\VCTargets\Microsoft.CppBuild.targets" from project "D:\Mikhail\P-T\Project - VC++\ProjectEuler\EvenFibonacciNumbers\EvenFibonacciNumbers.vcxproj" (target "_BscMake" depends on it):
     1>Done building target "ComputeCLCompileGeneratedSbrFiles" in project "EvenFibonacciNumbers.vcxproj".
     1>Target "MakeDirsForBscMake" in file "D:\Microsoft Visual Studio\2017\Community\Common7\IDE\VC\VCTargets\Microsoft.CppBuild.targets" from project "D:\Mikhail\P-T\Project - VC++\ProjectEuler\EvenFibonacciNumbers\EvenFibonacciNumbers.vcxproj" (target "_BscMake" depends on it):
       Task "MakeDir"
       Done executing task "MakeDir".
     1>Done building target "MakeDirsForBscMake" in project "EvenFibonacciNumbers.vcxproj".
       Target "BscMake" skipped, due to false condition; ('@(BscMake)' != '') was evaluated as ('' != '').
       Target "CustomBuildStep" skipped, due to false condition; ('@(CustomBuildStep)' != '' and '$(SelectedFiles)'=='') was evaluated as ('' != '' and ''=='').
     1>Target "_BscMake" in file "D:\Microsoft Visual Studio\2017\Community\Common7\IDE\VC\VCTargets\Microsoft.CppBuild.targets" from project "D:\Mikhail\P-T\Project - VC++\ProjectEuler\EvenFibonacciNumbers\EvenFibonacciNumbers.vcxproj" (target "_BuildLinkAction" depends on it):
     1>Done building target "_BscMake" in project "EvenFibonacciNumbers.vcxproj".
       Target "RunMergeNativeCodeAnalysis" skipped, due to false condition; ('$(Language)'=='C++' and '$(RunCodeAnalysisOnThisProject)'=='true') was evaluated as ('C++'=='C++' and ''=='true').
       Target "RunNativeCodeAnalysis" skipped, due to false condition; ('$(Language)'=='C++' and '$(RunCodeAnalysisOnThisProject)'=='true') was evaluated as ('C++'=='C++' and ''=='true').
     1>Target "_GenerateSatelliteAssemblyInputs" in file "D:\Microsoft Visual Studio\2017\Community\MSBuild\15.0\Bin\Microsoft.Common.CurrentVersion.targets" from project "D:\Mikhail\P-T\Project - VC++\ProjectEuler\EvenFibonacciNumbers\EvenFibonacciNumbers.vcxproj" (target "CreateSatelliteAssemblies" depends on it):
       Task "Warning" skipped, due to false condition; ('@(ManifestResourceWithCulture)'!='' and '%(ManifestResourceWithCulture.EmittedForCompatibilityOnly)'=='') was evaluated as (''!='' and ''=='').
       Task "Warning" skipped, due to false condition; ('@(ManifestNonResxWithCultureOnDisk)'!='' and '%(ManifestNonResxWithCultureOnDisk.EmittedForCompatibilityOnly)'=='') was evaluated as (''!='' and ''=='').
     1>Done building target "_GenerateSatelliteAssemblyInputs" in project "EvenFibonacciNumbers.vcxproj".
       Target "ComputeIntermediateSatelliteAssemblies" skipped, due to false condition; (@(ReferenceSatellitePaths->'%(DestinationSubDirectory)') != '') was evaluated as ( != '').
       Target "GenerateSatelliteAssemblies" skipped, due to false condition; ('@(_SatelliteAssemblyResourceInputs)' != '') was evaluated as ('' != '').
     1>Target "CreateSatelliteAssemblies" in file "D:\Microsoft Visual Studio\2017\Community\MSBuild\15.0\Bin\Microsoft.Common.CurrentVersion.targets" from project "D:\Mikhail\P-T\Project - VC++\ProjectEuler\EvenFibonacciNumbers\EvenFibonacciNumbers.vcxproj" (target "_BuildLinkAction" depends on it):
     1>Done building target "CreateSatelliteAssemblies" in project "EvenFibonacciNumbers.vcxproj".
     1>Target "_Appverifier" in file "D:\Microsoft Visual Studio\2017\Community\Common7\IDE\VC\VCTargets\Microsoft.CppBuild.targets" from project "D:\Mikhail\P-T\Project - VC++\ProjectEuler\EvenFibonacciNumbers\EvenFibonacciNumbers.vcxproj" (target "_BuildLinkAction" depends on it):
     1>Done building target "_Appverifier" in project "EvenFibonacciNumbers.vcxproj".
     1>Target "_Deploy" in file "D:\Microsoft Visual Studio\2017\Community\Common7\IDE\VC\VCTargets\Microsoft.CppBuild.targets" from project "D:\Mikhail\P-T\Project - VC++\ProjectEuler\EvenFibonacciNumbers\EvenFibonacciNumbers.vcxproj" (target "_BuildLinkAction" depends on it):
     1>Done building target "_Deploy" in project "EvenFibonacciNumbers.vcxproj".
       Target "ComputeIntermediateSatelliteAssemblies" skipped, due to false condition; (@(ReferenceSatellitePaths->'%(DestinationSubDirectory)') != '') was evaluated as ( != '').
       Target "_CopyFilesMarkedCopyLocal" skipped, due to false condition; ('@(ReferenceCopyLocalPaths)' != '') was evaluated as ('' != '').
       Target "AssignTargetPaths" skipped. Previously built successfully.
       Target "_SplitProjectReferencesByFileExistence" skipped. Previously built successfully.
       Target "_GetProjectReferenceTargetFrameworkProperties" skipped. Previously built successfully.
     1>Target "GetCopyToOutputDirectoryXamlAppDefs" in file "C:\WINDOWS\Microsoft.NET\Framework\v4.0.30319\Microsoft.Xaml.targets" from project "D:\Mikhail\P-T\Project - VC++\ProjectEuler\EvenFibonacciNumbers\EvenFibonacciNumbers.vcxproj" (target "GetCopyToOutputDirectoryItems" depends on it):
       Task "AssignTargetPath"
       Done executing task "AssignTargetPath".
     1>Done building target "GetCopyToOutputDirectoryXamlAppDefs" in project "EvenFibonacciNumbers.vcxproj".
     1>Target "GetCopyToOutputDirectoryItems" in file "D:\Microsoft Visual Studio\2017\Community\MSBuild\15.0\Bin\Microsoft.Common.CurrentVersion.targets" from project "D:\Mikhail\P-T\Project - VC++\ProjectEuler\EvenFibonacciNumbers\EvenFibonacciNumbers.vcxproj" (target "_CopySourceItemsToOutputDirectory" depends on it):
       Task "MSBuild" skipped, due to false condition; ('@(_MSBuildProjectReferenceExistent)' != '' and '$(_GetChildProjectCopyToOutputDirectoryItems)' == 'true' and '%(_MSBuildProjectReferenceExistent.Private)' != 'false' and '$(UseCommonOutputDirectory)' != 'true') was evaluated as ('' != '' and 'true' == 'true' and '' != 'false' and 'false' != 'true').
       Task "AssignTargetPath"
       Done executing task "AssignTargetPath".
     1>Done building target "GetCopyToOutputDirectoryItems" in project "EvenFibonacciNumbers.vcxproj".
       Target "_CopyOutOfDateSourceItemsToOutputDirectory" skipped, due to false condition; ( '@(_SourceItemsToCopyToOutputDirectory)' != '' ) was evaluated as ( '' != '' ).
       Target "_CopyOutOfDateSourceItemsToOutputDirectoryAlways" skipped, due to false condition; ( '@(_SourceItemsToCopyToOutputDirectoryAlways)' != '' ) was evaluated as ( '' != '' ).
     1>Target "_CopySourceItemsToOutputDirectory" in file "D:\Microsoft Visual Studio\2017\Community\MSBuild\15.0\Bin\Microsoft.Common.CurrentVersion.targets" from project "D:\Mikhail\P-T\Project - VC++\ProjectEuler\EvenFibonacciNumbers\EvenFibonacciNumbers.vcxproj" (target "CopyFilesToOutputDirectory" depends on it):
     1>Done building target "_CopySourceItemsToOutputDirectory" in project "EvenFibonacciNumbers.vcxproj".
       Target "_CopyAppConfigFile" skipped, due to false condition; ( '@(AppConfigWithTargetPath)' != '' ) was evaluated as ( '' != '' ).
       Target "_CopyManifestFiles" skipped, due to false condition; ( '$(_DeploymentCopyApplicationManifest)'=='true' or '$(GenerateClickOnceManifests)'=='true' ) was evaluated as ( ''=='true' or ''=='true' ).
     1>Target "_CheckForCompileOutputs" in file "D:\Microsoft Visual Studio\2017\Community\MSBuild\15.0\Bin\Microsoft.Common.CurrentVersion.targets" from project "D:\Mikhail\P-T\Project - VC++\ProjectEuler\EvenFibonacciNumbers\EvenFibonacciNumbers.vcxproj" (target "CopyFilesToOutputDirectory" depends on it):
     1>Done building target "_CheckForCompileOutputs" in project "EvenFibonacciNumbers.vcxproj".
       Target "_SGenCheckForOutputs" skipped, due to false condition; ('$(_SGenGenerateSerializationAssembliesConfig)' == 'On' or ('@(WebReferenceUrl)'!='' and '$(_SGenGenerateSerializationAssembliesConfig)' == 'Auto')) was evaluated as ('Off' == 'On' or (''!='' and 'Off' == 'Auto')).
     1>Target "CopyFilesToOutputDirectory" in file "D:\Microsoft Visual Studio\2017\Community\MSBuild\15.0\Bin\Microsoft.Common.CurrentVersion.targets" from project "D:\Mikhail\P-T\Project - VC++\ProjectEuler\EvenFibonacciNumbers\EvenFibonacciNumbers.vcxproj" (target "PrepareForRun" depends on it):
       Task "Copy" skipped, due to false condition; ('$(CopyBuildOutputToOutputDirectory)' == 'true' and '$(SkipCopyBuildProduct)' != 'true') was evaluated as ('true' == 'true' and 'true' != 'true').
       Task "CopyRefAssembly" skipped, due to false condition; ('$(ProduceReferenceAssembly)' == 'true' and '$(CopyBuildOutputToOutputDirectory)' == 'true' and '$(SkipCopyBuildProduct)' != 'true') was evaluated as ('false' == 'true' and 'true' == 'true' and 'true' != 'true').
       Task "Message" skipped, due to false condition; ('$(CopyBuildOutputToOutputDirectory)' == 'true' and '$(SkipCopyBuildProduct)'!='true') was evaluated as ('true' == 'true' and 'true'!='true').
       Task "Copy" skipped, due to false condition; ('@(AddModules)' != '') was evaluated as ('' != '').
       Task "Copy" skipped, due to false condition; ('$(_SGenDllCreated)'=='true') was evaluated as ('false'=='true').
       Task "Copy" skipped, due to false condition; ('$(_DebugSymbolsProduced)'=='true' and '$(SkipCopyingSymbolsToOutputDirectory)' != 'true' and '$(CopyOutputSymbolsToOutputDirectory)'=='true') was evaluated as ('false'=='true' and '' != 'true' and 'true'=='true').
       Task "Copy" skipped, due to false condition; ('$(_DocumentationFileProduced)'=='true') was evaluated as ('false'=='true').
       Task "Copy" skipped, due to false condition; ('@(IntermediateSatelliteAssembliesWithTargetPath)' != '') was evaluated as ('' != '').
       Task "Copy" skipped, due to false condition; ('@(ReferenceComWrappersToCopyLocal)' != '' or '@(ResolvedIsolatedComModules)' != '' or '@(_DeploymentLooseManifestFile)' != '' or '@(NativeReferenceFile)' != '' ) was evaluated as ('' != '' or '' != '' or '' != '' or '' != '' ).
       Task "Copy" skipped, due to false condition; ('$(SkipCopyWinMDArtifact)' != 'true' and '@(WinMDExpArtifacts)' != '') was evaluated as ('' != 'true' and '' != '').
       Task "Message" skipped, due to false condition; ('$(SkipCopyWinMDArtifact)' != 'true' and '$(_WindowsMetadataOutputPath)' != '') was evaluated as ('' != 'true' and '' != '').
     1>Done building target "CopyFilesToOutputDirectory" in project "EvenFibonacciNumbers.vcxproj".
     1>Target "PrepareForRun" in file "D:\Microsoft Visual Studio\2017\Community\MSBuild\15.0\Bin\Microsoft.Common.CurrentVersion.targets" from project "D:\Mikhail\P-T\Project - VC++\ProjectEuler\EvenFibonacciNumbers\EvenFibonacciNumbers.vcxproj" (target "_BuildLinkAction" depends on it):
     1>Done building target "PrepareForRun" in project "EvenFibonacciNumbers.vcxproj".
       Target "CustomBuildStep" skipped, due to false condition; ('@(CustomBuildStep)' != '' and '$(SelectedFiles)'=='') was evaluated as ('' != '' and ''=='').
     1>Target "PostBuildEvent" in file "D:\Microsoft Visual Studio\2017\Community\Common7\IDE\VC\VCTargets\Microsoft.CppCommon.targets" from project "D:\Mikhail\P-T\Project - VC++\ProjectEuler\EvenFibonacciNumbers\EvenFibonacciNumbers.vcxproj" (target "_BuildLinkAction" depends on it):
       Task "Message" skipped, due to false condition; ('%(PostBuildEvent.Message)' != '' and '%(PostBuildEvent.Command)' != '') was evaluated as ('' != '' and '' != '').
       Task "Exec" skipped, due to false condition; ('%(PostBuildEvent.Command)' != '') was evaluated as ('' != '').
     1>Done building target "PostBuildEvent" in project "EvenFibonacciNumbers.vcxproj".
     1>Target "_BuildLinkAction" in file "D:\Microsoft Visual Studio\2017\Community\Common7\IDE\VC\VCTargets\Microsoft.CppBuild.targets" from project "D:\Mikhail\P-T\Project - VC++\ProjectEuler\EvenFibonacciNumbers\EvenFibonacciNumbers.vcxproj" (target "BuildLink" depends on it):
     1>Done building target "_BuildLinkAction" in project "EvenFibonacciNumbers.vcxproj".
     1>Target "BuildLink" in file "D:\Microsoft Visual Studio\2017\Community\MSBuild\15.0\Bin\Microsoft.Common.CurrentVersion.targets" from project "D:\Mikhail\P-T\Project - VC++\ProjectEuler\EvenFibonacciNumbers\EvenFibonacciNumbers.vcxproj" (target "Build" depends on it):
     1>Done building target "BuildLink" in project "EvenFibonacciNumbers.vcxproj".
     1>Target "AfterBuild" in file "D:\Microsoft Visual Studio\2017\Community\Common7\IDE\VC\VCTargets\Microsoft.BuildSteps.Targets" from project "D:\Mikhail\P-T\Project - VC++\ProjectEuler\EvenFibonacciNumbers\EvenFibonacciNumbers.vcxproj" (target "Build" depends on it):
     1>Done building target "AfterBuild" in project "EvenFibonacciNumbers.vcxproj".
     1>Target "FinalizeBuildStatus" in file "D:\Microsoft Visual Studio\2017\Community\Common7\IDE\VC\VCTargets\Microsoft.CppBuild.targets" from project "D:\Mikhail\P-T\Project - VC++\ProjectEuler\EvenFibonacciNumbers\EvenFibonacciNumbers.vcxproj" (target "Build" depends on it):
       Task "Delete"
         Deleting file "x64\Debug\EvenFibo.BC7AFA26.tlog\unsuccessfulbuild".
       Done executing task "Delete".
       Task "Touch"
         Touching "x64\Debug\EvenFibo.BC7AFA26.tlog\EvenFibonacciNumbers.lastbuildstate".
       Done executing task "Touch".
     1>Done building target "FinalizeBuildStatus" in project "EvenFibonacciNumbers.vcxproj".
       Target "_CheckForInvalidConfigurationAndPlatform" skipped. Previously built successfully.
       Target "_CheckForInvalidConfigurationAndPlatform" skipped. Previously built successfully.
     1>Target "Build" in file "D:\Microsoft Visual Studio\2017\Community\Common7\IDE\VC\VCTargets\Microsoft.BuildSteps.Targets" from project "D:\Mikhail\P-T\Project - VC++\ProjectEuler\EvenFibonacciNumbers\EvenFibonacciNumbers.vcxproj" (entry point):
     1>Done building target "Build" in project "EvenFibonacciNumbers.vcxproj".
     1>Done Building Project "D:\Mikhail\P-T\Project - VC++\ProjectEuler\EvenFibonacciNumbers\EvenFibonacciNumbers.vcxproj" (Build target(s)).
